[0.032s] Invoking command in '/home/sanad/dev_ws/build/sanad_bot': CMAKE_PREFIX_PATH=${CMAKE_PREFIX_PATH}:/opt/ros/humble /usr/bin/cmake /home/sanad/dev_ws/src/sanad_bot -DAMENT_CMAKE_SYMLINK_INSTALL=1 -DCMAKE_INSTALL_PREFIX=/home/sanad/dev_ws/install/sanad_bot
[0.042s] -- Found ament_cmake: 1.3.7 (/opt/ros/humble/share/ament_cmake/cmake)
[0.119s] -- Override CMake install command with custom implementation using symlinks instead of copying resources
[0.123s] -- Found ament_lint_auto: 0.12.10 (/opt/ros/humble/share/ament_lint_auto/cmake)
[0.163s] -- Added test 'copyright' to check source files copyright and LICENSE
[0.165s] -- Added test 'flake8' to check Python code syntax and style conventions
[0.166s] -- Added test 'lint_cmake' to check CMake code style
[0.166s] -- Added test 'pep257' to check Python code against some of the docstring style conventions in PEP 257
[0.167s] -- Added test 'xmllint' to check XML markup files
[0.167s] -- Configuring done
[0.169s] -- Generating done
[0.169s] -- Build files have been written to: /home/sanad/dev_ws/build/sanad_bot
[0.173s] Invoked command in '/home/sanad/dev_ws/build/sanad_bot' returned '0': CMAKE_PREFIX_PATH=${CMAKE_PREFIX_PATH}:/opt/ros/humble /usr/bin/cmake /home/sanad/dev_ws/src/sanad_bot -DAMENT_CMAKE_SYMLINK_INSTALL=1 -DCMAKE_INSTALL_PREFIX=/home/sanad/dev_ws/install/sanad_bot
[0.173s] Invoking command in '/home/sanad/dev_ws/build/sanad_bot': CMAKE_PREFIX_PATH=${CMAKE_PREFIX_PATH}:/opt/ros/humble /usr/bin/cmake --build /home/sanad/dev_ws/build/sanad_bot -- -j16 -l16
[0.192s] Invoked command in '/home/sanad/dev_ws/build/sanad_bot' returned '0': CMAKE_PREFIX_PATH=${CMAKE_PREFIX_PATH}:/opt/ros/humble /usr/bin/cmake --build /home/sanad/dev_ws/build/sanad_bot -- -j16 -l16
[0.209s] Invoking command in '/home/sanad/dev_ws/build/sanad_bot': CMAKE_PREFIX_PATH=${CMAKE_PREFIX_PATH}:/opt/ros/humble /usr/bin/cmake --install /home/sanad/dev_ws/build/sanad_bot
[0.212s] -- Install configuration: ""
[0.212s] -- Execute custom install script
[0.213s] -- Up-to-date symlink: /home/sanad/dev_ws/install/sanad_bot/share/sanad_bot/config/empty.yaml
[0.213s] -- Up-to-date symlink: /home/sanad/dev_ws/install/sanad_bot/share/sanad_bot/description/gazebo_control.xacro
[0.213s] -- Up-to-date symlink: /home/sanad/dev_ws/install/sanad_bot/share/sanad_bot/description/inertial_macros.xacro
[0.213s] -- Up-to-date symlink: /home/sanad/dev_ws/install/sanad_bot/share/sanad_bot/description/lidar.xacro
[0.213s] -- Up-to-date symlink: /home/sanad/dev_ws/install/sanad_bot/share/sanad_bot/description/robot.urdf.xacro
[0.213s] -- Up-to-date symlink: /home/sanad/dev_ws/install/sanad_bot/share/sanad_bot/description/robot_core.xacro
[0.213s] -- Up-to-date symlink: /home/sanad/dev_ws/install/sanad_bot/share/sanad_bot/launch/launch_sim.launch.py
[0.213s] -- Up-to-date symlink: /home/sanad/dev_ws/install/sanad_bot/share/sanad_bot/launch/rplidar.launch.py
[0.214s] -- Up-to-date symlink: /home/sanad/dev_ws/install/sanad_bot/share/sanad_bot/launch/rsp.launch.py
[0.214s] -- Up-to-date symlink: /home/sanad/dev_ws/install/sanad_bot/share/sanad_bot/worlds/empty.world
[0.214s] -- Up-to-date symlink: /home/sanad/dev_ws/install/sanad_bot/share/sanad_bot/worlds/obstacles.world
[0.214s] -- Up-to-date symlink: /home/sanad/dev_ws/install/sanad_bot/share/ament_index/resource_index/package_run_dependencies/sanad_bot
[0.214s] -- Up-to-date symlink: /home/sanad/dev_ws/install/sanad_bot/share/ament_index/resource_index/parent_prefix_path/sanad_bot
[0.214s] -- Up-to-date symlink: /home/sanad/dev_ws/install/sanad_bot/share/sanad_bot/environment/ament_prefix_path.sh
[0.214s] -- Up-to-date symlink: /home/sanad/dev_ws/install/sanad_bot/share/sanad_bot/environment/ament_prefix_path.dsv
[0.214s] -- Up-to-date symlink: /home/sanad/dev_ws/install/sanad_bot/share/sanad_bot/environment/path.sh
[0.214s] -- Up-to-date symlink: /home/sanad/dev_ws/install/sanad_bot/share/sanad_bot/environment/path.dsv
[0.214s] -- Up-to-date symlink: /home/sanad/dev_ws/install/sanad_bot/share/sanad_bot/local_setup.bash
[0.214s] -- Up-to-date symlink: /home/sanad/dev_ws/install/sanad_bot/share/sanad_bot/local_setup.sh
[0.214s] -- Up-to-date symlink: /home/sanad/dev_ws/install/sanad_bot/share/sanad_bot/local_setup.zsh
[0.214s] -- Up-to-date symlink: /home/sanad/dev_ws/install/sanad_bot/share/sanad_bot/local_setup.dsv
[0.214s] -- Symlinking: /home/sanad/dev_ws/install/sanad_bot/share/sanad_bot/package.dsv
[0.219s] -- Up-to-date symlink: /home/sanad/dev_ws/install/sanad_bot/share/ament_index/resource_index/packages/sanad_bot
[0.219s] -- Up-to-date symlink: /home/sanad/dev_ws/install/sanad_bot/share/sanad_bot/cmake/sanad_botConfig.cmake
[0.219s] -- Up-to-date symlink: /home/sanad/dev_ws/install/sanad_bot/share/sanad_bot/cmake/sanad_botConfig-version.cmake
[0.219s] -- Up-to-date symlink: /home/sanad/dev_ws/install/sanad_bot/share/sanad_bot/package.xml
[0.220s] Invoked command in '/home/sanad/dev_ws/build/sanad_bot' returned '0': CMAKE_PREFIX_PATH=${CMAKE_PREFIX_PATH}:/opt/ros/humble /usr/bin/cmake --install /home/sanad/dev_ws/build/sanad_bot
