[0.492s] DEBUG:colcon:Command line arguments: ['/usr/bin/colcon', 'build', '--symlink-install']
[0.492s] DEBUG:colcon:Parsed command line arguments: Namespace(log_base=None, log_level=None, verb_name='build', build_base='build', install_base='install', merge_install=False, symlink_install=True, test_result_base=None, continue_on_error=False, executor='parallel', parallel_workers=16, event_handlers=None, ignore_user_meta=False, metas=['./colcon.meta'], base_paths=['.'], packages_ignore=None, packages_ignore_regex=None, paths=None, packages_up_to=None, packages_up_to_regex=None, packages_above=None, packages_above_and_dependencies=None, packages_above_depth=None, packages_select_by_dep=None, packages_skip_by_dep=None, packages_skip_up_to=None, packages_select_build_failed=False, packages_skip_build_finished=False, packages_select_test_failures=False, packages_skip_test_passed=False, packages_select=None, packages_skip=None, packages_select_regex=None, packages_skip_regex=None, packages_start=None, packages_end=None, allow_overriding=[], cmake_args=None, cmake_target=None, cmake_target_skip_unavailable=False, cmake_clean_cache=False, cmake_clean_first=False, cmake_force_configure=False, ament_cmake_args=None, catkin_cmake_args=None, catkin_skip_building_tests=False, verb_parser=<colcon_defaults.argument_parser.defaults.DefaultArgumentsDecorator object at 0x7f400e466aa0>, verb_extension=<colcon_core.verb.build.BuildVerb object at 0x7f400e8d6f20>, main=<bound method BuildVerb.main of <colcon_core.verb.build.BuildVerb object at 0x7f400e8d6f20>>)
[0.516s] Level 1:colcon.colcon_core.package_discovery:discover_packages(colcon_meta) check parameters
[0.516s] Level 1:colcon.colcon_core.package_discovery:discover_packages(recursive) check parameters
[0.516s] Level 1:colcon.colcon_core.package_discovery:discover_packages(ignore) check parameters
[0.516s] Level 1:colcon.colcon_core.package_discovery:discover_packages(path) check parameters
[0.516s] Level 1:colcon.colcon_core.package_discovery:discover_packages(colcon_meta) discover
[0.517s] Level 1:colcon.colcon_core.package_discovery:discover_packages(recursive) discover
[0.517s] INFO:colcon.colcon_core.package_discovery:Crawling recursively for packages in '/home/sanad/dev_ws'
[0.517s] Level 1:colcon.colcon_core.package_identification:_identify(.) by extensions ['ignore', 'ignore_ament_install']
[0.517s] Level 1:colcon.colcon_core.package_identification:_identify(.) by extension 'ignore'
[0.517s] Level 1:colcon.colcon_core.package_identification:_identify(.) by extension 'ignore_ament_install'
[0.517s] Level 1:colcon.colcon_core.package_identification:_identify(.) by extensions ['colcon_pkg']
[0.517s] Level 1:colcon.colcon_core.package_identification:_identify(.) by extension 'colcon_pkg'
[0.517s] Level 1:colcon.colcon_core.package_identification:_identify(.) by extensions ['colcon_meta']
[0.517s] Level 1:colcon.colcon_core.package_identification:_identify(.) by extension 'colcon_meta'
[0.517s] Level 1:colcon.colcon_core.package_identification:_identify(.) by extensions ['ros']
[0.517s] Level 1:colcon.colcon_core.package_identification:_identify(.) by extension 'ros'
[0.524s] Level 1:colcon.colcon_core.package_identification:_identify(.) by extensions ['cmake', 'python']
[0.524s] Level 1:colcon.colcon_core.package_identification:_identify(.) by extension 'cmake'
[0.524s] Level 1:colcon.colcon_core.package_identification:_identify(.) by extension 'python'
[0.524s] Level 1:colcon.colcon_core.package_identification:_identify(.) by extensions ['python_setup_py']
[0.524s] Level 1:colcon.colcon_core.package_identification:_identify(.) by extension 'python_setup_py'
[0.524s] Level 1:colcon.colcon_core.package_identification:_identify(build) by extensions ['ignore', 'ignore_ament_install']
[0.524s] Level 1:colcon.colcon_core.package_identification:_identify(build) by extension 'ignore'
[0.524s] Level 1:colcon.colcon_core.package_identification:_identify(build) ignored
[0.524s] Level 1:colcon.colcon_core.package_identification:_identify(install) by extensions ['ignore', 'ignore_ament_install']
[0.524s] Level 1:colcon.colcon_core.package_identification:_identify(install) by extension 'ignore'
[0.524s] Level 1:colcon.colcon_core.package_identification:_identify(install) ignored
[0.524s] Level 1:colcon.colcon_core.package_identification:_identify(log) by extensions ['ignore', 'ignore_ament_install']
[0.524s] Level 1:colcon.colcon_core.package_identification:_identify(log) by extension 'ignore'
[0.524s] Level 1:colcon.colcon_core.package_identification:_identify(log) ignored
[0.524s] Level 1:colcon.colcon_core.package_identification:_identify(src) by extensions ['ignore', 'ignore_ament_install']
[0.524s] Level 1:colcon.colcon_core.package_identification:_identify(src) by extension 'ignore'
[0.524s] Level 1:colcon.colcon_core.package_identification:_identify(src) by extension 'ignore_ament_install'
[0.524s] Level 1:colcon.colcon_core.package_identification:_identify(src) by extensions ['colcon_pkg']
[0.524s] Level 1:colcon.colcon_core.package_identification:_identify(src) by extension 'colcon_pkg'
[0.524s] Level 1:colcon.colcon_core.package_identification:_identify(src) by extensions ['colcon_meta']
[0.524s] Level 1:colcon.colcon_core.package_identification:_identify(src) by extension 'colcon_meta'
[0.524s] Level 1:colcon.colcon_core.package_identification:_identify(src) by extensions ['ros']
[0.524s] Level 1:colcon.colcon_core.package_identification:_identify(src) by extension 'ros'
[0.524s] Level 1:colcon.colcon_core.package_identification:_identify(src) by extensions ['cmake', 'python']
[0.524s] Level 1:colcon.colcon_core.package_identification:_identify(src) by extension 'cmake'
[0.524s] Level 1:colcon.colcon_core.package_identification:_identify(src) by extension 'python'
[0.524s] Level 1:colcon.colcon_core.package_identification:_identify(src) by extensions ['python_setup_py']
[0.524s] Level 1:colcon.colcon_core.package_identification:_identify(src) by extension 'python_setup_py'
[0.524s] Level 1:colcon.colcon_core.package_identification:_identify(src/realsense-ros) by extensions ['ignore', 'ignore_ament_install']
[0.525s] Level 1:colcon.colcon_core.package_identification:_identify(src/realsense-ros) by extension 'ignore'
[0.525s] Level 1:colcon.colcon_core.package_identification:_identify(src/realsense-ros) by extension 'ignore_ament_install'
[0.525s] Level 1:colcon.colcon_core.package_identification:_identify(src/realsense-ros) by extensions ['colcon_pkg']
[0.525s] Level 1:colcon.colcon_core.package_identification:_identify(src/realsense-ros) by extension 'colcon_pkg'
[0.525s] Level 1:colcon.colcon_core.package_identification:_identify(src/realsense-ros) by extensions ['colcon_meta']
[0.525s] Level 1:colcon.colcon_core.package_identification:_identify(src/realsense-ros) by extension 'colcon_meta'
[0.525s] Level 1:colcon.colcon_core.package_identification:_identify(src/realsense-ros) by extensions ['ros']
[0.525s] Level 1:colcon.colcon_core.package_identification:_identify(src/realsense-ros) by extension 'ros'
[0.525s] Level 1:colcon.colcon_core.package_identification:_identify(src/realsense-ros) by extensions ['cmake', 'python']
[0.525s] Level 1:colcon.colcon_core.package_identification:_identify(src/realsense-ros) by extension 'cmake'
[0.525s] Level 1:colcon.colcon_core.package_identification:_identify(src/realsense-ros) by extension 'python'
[0.525s] Level 1:colcon.colcon_core.package_identification:_identify(src/realsense-ros) by extensions ['python_setup_py']
[0.525s] Level 1:colcon.colcon_core.package_identification:_identify(src/realsense-ros) by extension 'python_setup_py'
[0.525s] Level 1:colcon.colcon_core.package_identification:_identify(src/realsense-ros/realsense2_camera) by extensions ['ignore', 'ignore_ament_install']
[0.525s] Level 1:colcon.colcon_core.package_identification:_identify(src/realsense-ros/realsense2_camera) by extension 'ignore'
[0.525s] Level 1:colcon.colcon_core.package_identification:_identify(src/realsense-ros/realsense2_camera) by extension 'ignore_ament_install'
[0.525s] Level 1:colcon.colcon_core.package_identification:_identify(src/realsense-ros/realsense2_camera) by extensions ['colcon_pkg']
[0.525s] Level 1:colcon.colcon_core.package_identification:_identify(src/realsense-ros/realsense2_camera) by extension 'colcon_pkg'
[0.525s] Level 1:colcon.colcon_core.package_identification:_identify(src/realsense-ros/realsense2_camera) by extensions ['colcon_meta']
[0.525s] Level 1:colcon.colcon_core.package_identification:_identify(src/realsense-ros/realsense2_camera) by extension 'colcon_meta'
[0.525s] Level 1:colcon.colcon_core.package_identification:_identify(src/realsense-ros/realsense2_camera) by extensions ['ros']
[0.525s] Level 1:colcon.colcon_core.package_identification:_identify(src/realsense-ros/realsense2_camera) by extension 'ros'
[0.527s] DEBUG:colcon.colcon_core.package_identification:Package 'src/realsense-ros/realsense2_camera' with type 'ros.ament_cmake' and name 'realsense2_camera'
[0.527s] Level 1:colcon.colcon_core.package_identification:_identify(src/realsense-ros/realsense2_camera_msgs) by extensions ['ignore', 'ignore_ament_install']
[0.528s] Level 1:colcon.colcon_core.package_identification:_identify(src/realsense-ros/realsense2_camera_msgs) by extension 'ignore'
[0.528s] Level 1:colcon.colcon_core.package_identification:_identify(src/realsense-ros/realsense2_camera_msgs) by extension 'ignore_ament_install'
[0.528s] Level 1:colcon.colcon_core.package_identification:_identify(src/realsense-ros/realsense2_camera_msgs) by extensions ['colcon_pkg']
[0.528s] Level 1:colcon.colcon_core.package_identification:_identify(src/realsense-ros/realsense2_camera_msgs) by extension 'colcon_pkg'
[0.528s] Level 1:colcon.colcon_core.package_identification:_identify(src/realsense-ros/realsense2_camera_msgs) by extensions ['colcon_meta']
[0.528s] Level 1:colcon.colcon_core.package_identification:_identify(src/realsense-ros/realsense2_camera_msgs) by extension 'colcon_meta'
[0.528s] Level 1:colcon.colcon_core.package_identification:_identify(src/realsense-ros/realsense2_camera_msgs) by extensions ['ros']
[0.528s] Level 1:colcon.colcon_core.package_identification:_identify(src/realsense-ros/realsense2_camera_msgs) by extension 'ros'
[0.528s] DEBUG:colcon.colcon_core.package_identification:Package 'src/realsense-ros/realsense2_camera_msgs' with type 'ros.ament_cmake' and name 'realsense2_camera_msgs'
[0.528s] Level 1:colcon.colcon_core.package_identification:_identify(src/realsense-ros/realsense2_description) by extensions ['ignore', 'ignore_ament_install']
[0.528s] Level 1:colcon.colcon_core.package_identification:_identify(src/realsense-ros/realsense2_description) by extension 'ignore'
[0.528s] Level 1:colcon.colcon_core.package_identification:_identify(src/realsense-ros/realsense2_description) by extension 'ignore_ament_install'
[0.528s] Level 1:colcon.colcon_core.package_identification:_identify(src/realsense-ros/realsense2_description) by extensions ['colcon_pkg']
[0.528s] Level 1:colcon.colcon_core.package_identification:_identify(src/realsense-ros/realsense2_description) by extension 'colcon_pkg'
[0.528s] Level 1:colcon.colcon_core.package_identification:_identify(src/realsense-ros/realsense2_description) by extensions ['colcon_meta']
[0.528s] Level 1:colcon.colcon_core.package_identification:_identify(src/realsense-ros/realsense2_description) by extension 'colcon_meta'
[0.528s] Level 1:colcon.colcon_core.package_identification:_identify(src/realsense-ros/realsense2_description) by extensions ['ros']
[0.528s] Level 1:colcon.colcon_core.package_identification:_identify(src/realsense-ros/realsense2_description) by extension 'ros'
[0.529s] DEBUG:colcon.colcon_core.package_identification:Package 'src/realsense-ros/realsense2_description' with type 'ros.ament_cmake' and name 'realsense2_description'
[0.529s] Level 1:colcon.colcon_core.package_identification:_identify(src/realsense-ros/scripts) by extensions ['ignore', 'ignore_ament_install']
[0.529s] Level 1:colcon.colcon_core.package_identification:_identify(src/realsense-ros/scripts) by extension 'ignore'
[0.529s] Level 1:colcon.colcon_core.package_identification:_identify(src/realsense-ros/scripts) by extension 'ignore_ament_install'
[0.529s] Level 1:colcon.colcon_core.package_identification:_identify(src/realsense-ros/scripts) by extensions ['colcon_pkg']
[0.529s] Level 1:colcon.colcon_core.package_identification:_identify(src/realsense-ros/scripts) by extension 'colcon_pkg'
[0.529s] Level 1:colcon.colcon_core.package_identification:_identify(src/realsense-ros/scripts) by extensions ['colcon_meta']
[0.529s] Level 1:colcon.colcon_core.package_identification:_identify(src/realsense-ros/scripts) by extension 'colcon_meta'
[0.529s] Level 1:colcon.colcon_core.package_identification:_identify(src/realsense-ros/scripts) by extensions ['ros']
[0.529s] Level 1:colcon.colcon_core.package_identification:_identify(src/realsense-ros/scripts) by extension 'ros'
[0.529s] Level 1:colcon.colcon_core.package_identification:_identify(src/realsense-ros/scripts) by extensions ['cmake', 'python']
[0.529s] Level 1:colcon.colcon_core.package_identification:_identify(src/realsense-ros/scripts) by extension 'cmake'
[0.529s] Level 1:colcon.colcon_core.package_identification:_identify(src/realsense-ros/scripts) by extension 'python'
[0.529s] Level 1:colcon.colcon_core.package_identification:_identify(src/realsense-ros/scripts) by extensions ['python_setup_py']
[0.529s] Level 1:colcon.colcon_core.package_identification:_identify(src/realsense-ros/scripts) by extension 'python_setup_py'
[0.529s] Level 1:colcon.colcon_core.package_identification:_identify(src/sanad_bot) by extensions ['ignore', 'ignore_ament_install']
[0.529s] Level 1:colcon.colcon_core.package_identification:_identify(src/sanad_bot) by extension 'ignore'
[0.529s] Level 1:colcon.colcon_core.package_identification:_identify(src/sanad_bot) by extension 'ignore_ament_install'
[0.529s] Level 1:colcon.colcon_core.package_identification:_identify(src/sanad_bot) by extensions ['colcon_pkg']
[0.529s] Level 1:colcon.colcon_core.package_identification:_identify(src/sanad_bot) by extension 'colcon_pkg'
[0.529s] Level 1:colcon.colcon_core.package_identification:_identify(src/sanad_bot) by extensions ['colcon_meta']
[0.529s] Level 1:colcon.colcon_core.package_identification:_identify(src/sanad_bot) by extension 'colcon_meta'
[0.529s] Level 1:colcon.colcon_core.package_identification:_identify(src/sanad_bot) by extensions ['ros']
[0.529s] Level 1:colcon.colcon_core.package_identification:_identify(src/sanad_bot) by extension 'ros'
[0.529s] DEBUG:colcon.colcon_core.package_identification:Package 'src/sanad_bot' with type 'ros.ament_cmake' and name 'sanad_bot'
[0.529s] Level 1:colcon.colcon_core.package_discovery:discover_packages(recursive) using defaults
[0.530s] Level 1:colcon.colcon_core.package_discovery:discover_packages(ignore) discover
[0.530s] Level 1:colcon.colcon_core.package_discovery:discover_packages(ignore) using defaults
[0.530s] Level 1:colcon.colcon_core.package_discovery:discover_packages(path) discover
[0.530s] Level 1:colcon.colcon_core.package_discovery:discover_packages(path) using defaults
[0.575s] Level 1:colcon.colcon_core.package_discovery:discover_packages(prefix_path) check parameters
[0.575s] Level 1:colcon.colcon_core.package_discovery:discover_packages(prefix_path) discover
[0.589s] DEBUG:colcon.colcon_installed_package_information.package_discovery:Found 1 installed packages in /home/sanad/dev_ws/install
[0.604s] DEBUG:colcon.colcon_installed_package_information.package_discovery:Found 285 installed packages in /opt/ros/humble
[0.604s] Level 1:colcon.colcon_core.package_discovery:discover_packages(prefix_path) using defaults
[0.651s] Level 5:colcon.colcon_core.verb:set package 'realsense2_camera_msgs' build argument 'cmake_args' from command line to 'None'
[0.651s] Level 5:colcon.colcon_core.verb:set package 'realsense2_camera_msgs' build argument 'cmake_target' from command line to 'None'
[0.651s] Level 5:colcon.colcon_core.verb:set package 'realsense2_camera_msgs' build argument 'cmake_target_skip_unavailable' from command line to 'False'
[0.651s] Level 5:colcon.colcon_core.verb:set package 'realsense2_camera_msgs' build argument 'cmake_clean_cache' from command line to 'False'
[0.651s] Level 5:colcon.colcon_core.verb:set package 'realsense2_camera_msgs' build argument 'cmake_clean_first' from command line to 'False'
[0.651s] Level 5:colcon.colcon_core.verb:set package 'realsense2_camera_msgs' build argument 'cmake_force_configure' from command line to 'False'
[0.651s] Level 5:colcon.colcon_core.verb:set package 'realsense2_camera_msgs' build argument 'ament_cmake_args' from command line to 'None'
[0.651s] Level 5:colcon.colcon_core.verb:set package 'realsense2_camera_msgs' build argument 'catkin_cmake_args' from command line to 'None'
[0.651s] Level 5:colcon.colcon_core.verb:set package 'realsense2_camera_msgs' build argument 'catkin_skip_building_tests' from command line to 'False'
[0.651s] DEBUG:colcon.colcon_core.verb:Building package 'realsense2_camera_msgs' with the following arguments: {'ament_cmake_args': None, 'build_base': '/home/sanad/dev_ws/build/realsense2_camera_msgs', 'catkin_cmake_args': None, 'catkin_skip_building_tests': False, 'cmake_args': None, 'cmake_clean_cache': False, 'cmake_clean_first': False, 'cmake_force_configure': False, 'cmake_target': None, 'cmake_target_skip_unavailable': False, 'install_base': '/home/sanad/dev_ws/install/realsense2_camera_msgs', 'merge_install': False, 'path': '/home/sanad/dev_ws/src/realsense-ros/realsense2_camera_msgs', 'symlink_install': True, 'test_result_base': None}
[0.658s] Level 5:colcon.colcon_core.verb:set package 'sanad_bot' build argument 'cmake_args' from command line to 'None'
[0.658s] Level 5:colcon.colcon_core.verb:set package 'sanad_bot' build argument 'cmake_target' from command line to 'None'
[0.658s] Level 5:colcon.colcon_core.verb:set package 'sanad_bot' build argument 'cmake_target_skip_unavailable' from command line to 'False'
[0.658s] Level 5:colcon.colcon_core.verb:set package 'sanad_bot' build argument 'cmake_clean_cache' from command line to 'False'
[0.658s] Level 5:colcon.colcon_core.verb:set package 'sanad_bot' build argument 'cmake_clean_first' from command line to 'False'
[0.658s] Level 5:colcon.colcon_core.verb:set package 'sanad_bot' build argument 'cmake_force_configure' from command line to 'False'
[0.658s] Level 5:colcon.colcon_core.verb:set package 'sanad_bot' build argument 'ament_cmake_args' from command line to 'None'
[0.658s] Level 5:colcon.colcon_core.verb:set package 'sanad_bot' build argument 'catkin_cmake_args' from command line to 'None'
[0.658s] Level 5:colcon.colcon_core.verb:set package 'sanad_bot' build argument 'catkin_skip_building_tests' from command line to 'False'
[0.658s] DEBUG:colcon.colcon_core.verb:Building package 'sanad_bot' with the following arguments: {'ament_cmake_args': None, 'build_base': '/home/sanad/dev_ws/build/sanad_bot', 'catkin_cmake_args': None, 'catkin_skip_building_tests': False, 'cmake_args': None, 'cmake_clean_cache': False, 'cmake_clean_first': False, 'cmake_force_configure': False, 'cmake_target': None, 'cmake_target_skip_unavailable': False, 'install_base': '/home/sanad/dev_ws/install/sanad_bot', 'merge_install': False, 'path': '/home/sanad/dev_ws/src/sanad_bot', 'symlink_install': True, 'test_result_base': None}
[0.665s] Level 5:colcon.colcon_core.verb:set package 'realsense2_camera' build argument 'cmake_args' from command line to 'None'
[0.665s] Level 5:colcon.colcon_core.verb:set package 'realsense2_camera' build argument 'cmake_target' from command line to 'None'
[0.665s] Level 5:colcon.colcon_core.verb:set package 'realsense2_camera' build argument 'cmake_target_skip_unavailable' from command line to 'False'
[0.665s] Level 5:colcon.colcon_core.verb:set package 'realsense2_camera' build argument 'cmake_clean_cache' from command line to 'False'
[0.665s] Level 5:colcon.colcon_core.verb:set package 'realsense2_camera' build argument 'cmake_clean_first' from command line to 'False'
[0.665s] Level 5:colcon.colcon_core.verb:set package 'realsense2_camera' build argument 'cmake_force_configure' from command line to 'False'
[0.665s] Level 5:colcon.colcon_core.verb:set package 'realsense2_camera' build argument 'ament_cmake_args' from command line to 'None'
[0.665s] Level 5:colcon.colcon_core.verb:set package 'realsense2_camera' build argument 'catkin_cmake_args' from command line to 'None'
[0.665s] Level 5:colcon.colcon_core.verb:set package 'realsense2_camera' build argument 'catkin_skip_building_tests' from command line to 'False'
[0.666s] DEBUG:colcon.colcon_core.verb:Building package 'realsense2_camera' with the following arguments: {'ament_cmake_args': None, 'build_base': '/home/sanad/dev_ws/build/realsense2_camera', 'catkin_cmake_args': None, 'catkin_skip_building_tests': False, 'cmake_args': None, 'cmake_clean_cache': False, 'cmake_clean_first': False, 'cmake_force_configure': False, 'cmake_target': None, 'cmake_target_skip_unavailable': False, 'install_base': '/home/sanad/dev_ws/install/realsense2_camera', 'merge_install': False, 'path': '/home/sanad/dev_ws/src/realsense-ros/realsense2_camera', 'symlink_install': True, 'test_result_base': None}
[0.672s] Level 5:colcon.colcon_core.verb:set package 'realsense2_description' build argument 'cmake_args' from command line to 'None'
[0.672s] Level 5:colcon.colcon_core.verb:set package 'realsense2_description' build argument 'cmake_target' from command line to 'None'
[0.672s] Level 5:colcon.colcon_core.verb:set package 'realsense2_description' build argument 'cmake_target_skip_unavailable' from command line to 'False'
[0.672s] Level 5:colcon.colcon_core.verb:set package 'realsense2_description' build argument 'cmake_clean_cache' from command line to 'False'
[0.672s] Level 5:colcon.colcon_core.verb:set package 'realsense2_description' build argument 'cmake_clean_first' from command line to 'False'
[0.672s] Level 5:colcon.colcon_core.verb:set package 'realsense2_description' build argument 'cmake_force_configure' from command line to 'False'
[0.672s] Level 5:colcon.colcon_core.verb:set package 'realsense2_description' build argument 'ament_cmake_args' from command line to 'None'
[0.673s] Level 5:colcon.colcon_core.verb:set package 'realsense2_description' build argument 'catkin_cmake_args' from command line to 'None'
[0.673s] Level 5:colcon.colcon_core.verb:set package 'realsense2_description' build argument 'catkin_skip_building_tests' from command line to 'False'
[0.673s] DEBUG:colcon.colcon_core.verb:Building package 'realsense2_description' with the following arguments: {'ament_cmake_args': None, 'build_base': '/home/sanad/dev_ws/build/realsense2_description', 'catkin_cmake_args': None, 'catkin_skip_building_tests': False, 'cmake_args': None, 'cmake_clean_cache': False, 'cmake_clean_first': False, 'cmake_force_configure': False, 'cmake_target': None, 'cmake_target_skip_unavailable': False, 'install_base': '/home/sanad/dev_ws/install/realsense2_description', 'merge_install': False, 'path': '/home/sanad/dev_ws/src/realsense-ros/realsense2_description', 'symlink_install': True, 'test_result_base': None}
[0.679s] INFO:colcon.colcon_core.executor:Executing jobs using 'parallel' executor
[0.687s] DEBUG:colcon.colcon_parallel_executor.executor.parallel:run_until_complete
[0.687s] INFO:colcon.colcon_ros.task.ament_cmake.build:Building ROS package in '/home/sanad/dev_ws/src/realsense-ros/realsense2_camera_msgs' with build type 'ament_cmake'
[0.687s] INFO:colcon.colcon_cmake.task.cmake.build:Building CMake package in '/home/sanad/dev_ws/src/realsense-ros/realsense2_camera_msgs'
[0.695s] INFO:colcon.colcon_core.plugin_system:Skipping extension 'colcon_core.shell.bat': Not used on non-Windows systems
[0.695s] INFO:colcon.colcon_core.shell:Skip shell extension 'powershell' for command environment: Not usable outside of PowerShell
[0.695s] DEBUG:colcon.colcon_core.shell:Skip shell extension 'dsv' for command environment
[0.718s] INFO:colcon.colcon_ros.task.ament_cmake.build:Building ROS package in '/home/sanad/dev_ws/src/sanad_bot' with build type 'ament_cmake'
[0.718s] INFO:colcon.colcon_cmake.task.cmake.build:Building CMake package in '/home/sanad/dev_ws/src/sanad_bot'
[0.725s] INFO:colcon.colcon_core.shell:Skip shell extension 'powershell' for command environment: Not usable outside of PowerShell
[0.725s] DEBUG:colcon.colcon_core.shell:Skip shell extension 'dsv' for command environment
[0.746s] DEBUG:colcon.colcon_core.event_handler.log_command:Invoking command in '/home/sanad/dev_ws/build/realsense2_camera_msgs': CMAKE_PREFIX_PATH=${CMAKE_PREFIX_PATH}:/opt/ros/humble /usr/bin/cmake /home/sanad/dev_ws/src/realsense-ros/realsense2_camera_msgs -DAMENT_CMAKE_SYMLINK_INSTALL=1 -DCMAKE_INSTALL_PREFIX=/home/sanad/dev_ws/install/realsense2_camera_msgs
[0.750s] DEBUG:colcon.colcon_core.event_handler.log_command:Invoking command in '/home/sanad/dev_ws/build/sanad_bot': CMAKE_PREFIX_PATH=${CMAKE_PREFIX_PATH}:/opt/ros/humble /usr/bin/cmake --build /home/sanad/dev_ws/build/sanad_bot -- -j16 -l16
[0.772s] DEBUG:colcon.colcon_core.event_handler.log_command:Invoked command in '/home/sanad/dev_ws/build/sanad_bot' returned '0': CMAKE_PREFIX_PATH=${CMAKE_PREFIX_PATH}:/opt/ros/humble /usr/bin/cmake --build /home/sanad/dev_ws/build/sanad_bot -- -j16 -l16
[0.792s] DEBUG:colcon.colcon_core.event_handler.log_command:Invoking command in '/home/sanad/dev_ws/build/sanad_bot': CMAKE_PREFIX_PATH=${CMAKE_PREFIX_PATH}:/opt/ros/humble /usr/bin/cmake --install /home/sanad/dev_ws/build/sanad_bot
[0.808s] Level 1:colcon.colcon_core.environment:create_environment_scripts_only(sanad_bot)
[0.808s] DEBUG:colcon.colcon_core.event_handler.log_command:Invoked command in '/home/sanad/dev_ws/build/sanad_bot' returned '0': CMAKE_PREFIX_PATH=${CMAKE_PREFIX_PATH}:/opt/ros/humble /usr/bin/cmake --install /home/sanad/dev_ws/build/sanad_bot
[0.818s] Level 1:colcon.colcon_core.environment:checking '/home/sanad/dev_ws/install/sanad_bot' for CMake module files
[0.819s] Level 1:colcon.colcon_core.environment:checking '/home/sanad/dev_ws/install/sanad_bot' for CMake config files
[0.819s] Level 1:colcon.colcon_core.shell:create_environment_hook('sanad_bot', 'cmake_prefix_path')
[0.827s] INFO:colcon.colcon_core.shell:Creating environment hook '/home/sanad/dev_ws/install/sanad_bot/share/sanad_bot/hook/cmake_prefix_path.ps1'
[0.827s] INFO:colcon.colcon_core.shell:Creating environment descriptor '/home/sanad/dev_ws/install/sanad_bot/share/sanad_bot/hook/cmake_prefix_path.dsv'
[0.827s] INFO:colcon.colcon_core.shell:Creating environment hook '/home/sanad/dev_ws/install/sanad_bot/share/sanad_bot/hook/cmake_prefix_path.sh'
[0.828s] Level 1:colcon.colcon_core.environment:checking '/home/sanad/dev_ws/install/sanad_bot/bin'
[0.828s] Level 1:colcon.colcon_core.environment:checking '/home/sanad/dev_ws/install/sanad_bot/lib/pkgconfig/sanad_bot.pc'
[0.828s] Level 1:colcon.colcon_core.environment:checking '/home/sanad/dev_ws/install/sanad_bot/lib/python3.10/site-packages'
[0.828s] Level 1:colcon.colcon_core.environment:checking '/home/sanad/dev_ws/install/sanad_bot/bin'
[0.836s] INFO:colcon.colcon_core.shell:Creating package script '/home/sanad/dev_ws/install/sanad_bot/share/sanad_bot/package.ps1'
[0.836s] INFO:colcon.colcon_core.shell:Creating package descriptor '/home/sanad/dev_ws/install/sanad_bot/share/sanad_bot/package.dsv'
[0.836s] INFO:colcon.colcon_core.shell:Creating package script '/home/sanad/dev_ws/install/sanad_bot/share/sanad_bot/package.sh'
[0.837s] INFO:colcon.colcon_core.shell:Creating package script '/home/sanad/dev_ws/install/sanad_bot/share/sanad_bot/package.bash'
[0.837s] INFO:colcon.colcon_core.shell:Creating package script '/home/sanad/dev_ws/install/sanad_bot/share/sanad_bot/package.zsh'
[0.837s] Level 1:colcon.colcon_core.environment:create_file_with_runtime_dependencies(/home/sanad/dev_ws/install/sanad_bot/share/colcon-core/packages/sanad_bot)
[0.857s] Level 1:colcon.colcon_core.environment:create_environment_scripts_only(sanad_bot)
[0.864s] Level 1:colcon.colcon_core.environment:checking '/home/sanad/dev_ws/install/sanad_bot' for CMake module files
[0.864s] Level 1:colcon.colcon_core.environment:checking '/home/sanad/dev_ws/install/sanad_bot' for CMake config files
[0.864s] Level 1:colcon.colcon_core.shell:create_environment_hook('sanad_bot', 'cmake_prefix_path')
[0.871s] INFO:colcon.colcon_core.shell:Creating environment hook '/home/sanad/dev_ws/install/sanad_bot/share/sanad_bot/hook/cmake_prefix_path.ps1'
[0.872s] INFO:colcon.colcon_core.shell:Creating environment descriptor '/home/sanad/dev_ws/install/sanad_bot/share/sanad_bot/hook/cmake_prefix_path.dsv'
[0.872s] INFO:colcon.colcon_core.shell:Creating environment hook '/home/sanad/dev_ws/install/sanad_bot/share/sanad_bot/hook/cmake_prefix_path.sh'
[0.872s] Level 1:colcon.colcon_core.environment:checking '/home/sanad/dev_ws/install/sanad_bot/bin'
[0.872s] Level 1:colcon.colcon_core.environment:checking '/home/sanad/dev_ws/install/sanad_bot/lib/pkgconfig/sanad_bot.pc'
[0.872s] Level 1:colcon.colcon_core.environment:checking '/home/sanad/dev_ws/install/sanad_bot/lib/python3.10/site-packages'
[0.872s] Level 1:colcon.colcon_core.environment:checking '/home/sanad/dev_ws/install/sanad_bot/bin'
[0.880s] INFO:colcon.colcon_core.shell:Creating package script '/home/sanad/dev_ws/install/sanad_bot/share/sanad_bot/package.ps1'
[0.880s] INFO:colcon.colcon_core.shell:Creating package descriptor '/home/sanad/dev_ws/install/sanad_bot/share/sanad_bot/package.dsv'
[0.881s] INFO:colcon.colcon_core.shell:Creating package script '/home/sanad/dev_ws/install/sanad_bot/share/sanad_bot/package.sh'
[0.881s] INFO:colcon.colcon_core.shell:Creating package script '/home/sanad/dev_ws/install/sanad_bot/share/sanad_bot/package.bash'
[0.881s] INFO:colcon.colcon_core.shell:Creating package script '/home/sanad/dev_ws/install/sanad_bot/share/sanad_bot/package.zsh'
[0.881s] Level 1:colcon.colcon_core.environment:create_file_with_runtime_dependencies(/home/sanad/dev_ws/install/sanad_bot/share/colcon-core/packages/sanad_bot)
[1.963s] DEBUG:colcon.colcon_core.event_handler.log_command:Invoked command in '/home/sanad/dev_ws/build/realsense2_camera_msgs' returned '0': CMAKE_PREFIX_PATH=${CMAKE_PREFIX_PATH}:/opt/ros/humble /usr/bin/cmake /home/sanad/dev_ws/src/realsense-ros/realsense2_camera_msgs -DAMENT_CMAKE_SYMLINK_INSTALL=1 -DCMAKE_INSTALL_PREFIX=/home/sanad/dev_ws/install/realsense2_camera_msgs
[1.963s] DEBUG:colcon.colcon_core.event_handler.log_command:Invoking command in '/home/sanad/dev_ws/build/realsense2_camera_msgs': CMAKE_PREFIX_PATH=${CMAKE_PREFIX_PATH}:/opt/ros/humble /usr/bin/cmake --build /home/sanad/dev_ws/build/realsense2_camera_msgs -- -j16 -l16
[4.138s] DEBUG:colcon.colcon_core.event_handler.log_command:Invoked command in '/home/sanad/dev_ws/build/realsense2_camera_msgs' returned '0': CMAKE_PREFIX_PATH=${CMAKE_PREFIX_PATH}:/opt/ros/humble /usr/bin/cmake --build /home/sanad/dev_ws/build/realsense2_camera_msgs -- -j16 -l16
[4.205s] DEBUG:colcon.colcon_core.event_handler.log_command:Invoking command in '/home/sanad/dev_ws/build/realsense2_camera_msgs': CMAKE_PREFIX_PATH=${CMAKE_PREFIX_PATH}:/opt/ros/humble /usr/bin/cmake --install /home/sanad/dev_ws/build/realsense2_camera_msgs
[4.795s] Level 1:colcon.colcon_core.environment:create_environment_scripts_only(realsense2_camera_msgs)
[4.796s] DEBUG:colcon.colcon_core.event_handler.log_command:Invoked command in '/home/sanad/dev_ws/build/realsense2_camera_msgs' returned '0': CMAKE_PREFIX_PATH=${CMAKE_PREFIX_PATH}:/opt/ros/humble /usr/bin/cmake --install /home/sanad/dev_ws/build/realsense2_camera_msgs
[4.803s] Level 1:colcon.colcon_core.environment:checking '/home/sanad/dev_ws/install/realsense2_camera_msgs' for CMake module files
[4.803s] Level 1:colcon.colcon_core.environment:checking '/home/sanad/dev_ws/install/realsense2_camera_msgs' for CMake config files
[4.803s] Level 1:colcon.colcon_core.shell:create_environment_hook('realsense2_camera_msgs', 'cmake_prefix_path')
[4.810s] INFO:colcon.colcon_core.shell:Creating environment hook '/home/sanad/dev_ws/install/realsense2_camera_msgs/share/realsense2_camera_msgs/hook/cmake_prefix_path.ps1'
[4.810s] INFO:colcon.colcon_core.shell:Creating environment descriptor '/home/sanad/dev_ws/install/realsense2_camera_msgs/share/realsense2_camera_msgs/hook/cmake_prefix_path.dsv'
[4.810s] INFO:colcon.colcon_core.shell:Creating environment hook '/home/sanad/dev_ws/install/realsense2_camera_msgs/share/realsense2_camera_msgs/hook/cmake_prefix_path.sh'
[4.810s] Level 1:colcon.colcon_core.environment:checking '/home/sanad/dev_ws/install/realsense2_camera_msgs/lib'
[4.810s] Level 1:colcon.colcon_core.shell:create_environment_hook('realsense2_camera_msgs', 'ld_library_path_lib')
[4.817s] INFO:colcon.colcon_core.shell:Creating environment hook '/home/sanad/dev_ws/install/realsense2_camera_msgs/share/realsense2_camera_msgs/hook/ld_library_path_lib.ps1'
[4.817s] INFO:colcon.colcon_core.shell:Creating environment descriptor '/home/sanad/dev_ws/install/realsense2_camera_msgs/share/realsense2_camera_msgs/hook/ld_library_path_lib.dsv'
[4.817s] INFO:colcon.colcon_core.shell:Creating environment hook '/home/sanad/dev_ws/install/realsense2_camera_msgs/share/realsense2_camera_msgs/hook/ld_library_path_lib.sh'
[4.817s] Level 1:colcon.colcon_core.environment:checking '/home/sanad/dev_ws/install/realsense2_camera_msgs/bin'
[4.817s] Level 1:colcon.colcon_core.environment:checking '/home/sanad/dev_ws/install/realsense2_camera_msgs/lib/pkgconfig/realsense2_camera_msgs.pc'
[4.817s] Level 1:colcon.colcon_core.environment:checking '/home/sanad/dev_ws/install/realsense2_camera_msgs/lib/python3.10/site-packages'
[4.817s] Level 1:colcon.colcon_core.environment:checking '/home/sanad/dev_ws/install/realsense2_camera_msgs/bin'
[4.823s] INFO:colcon.colcon_core.shell:Creating package script '/home/sanad/dev_ws/install/realsense2_camera_msgs/share/realsense2_camera_msgs/package.ps1'
[4.824s] INFO:colcon.colcon_core.shell:Creating package descriptor '/home/sanad/dev_ws/install/realsense2_camera_msgs/share/realsense2_camera_msgs/package.dsv'
[4.824s] INFO:colcon.colcon_core.shell:Creating package script '/home/sanad/dev_ws/install/realsense2_camera_msgs/share/realsense2_camera_msgs/package.sh'
[4.824s] INFO:colcon.colcon_core.shell:Creating package script '/home/sanad/dev_ws/install/realsense2_camera_msgs/share/realsense2_camera_msgs/package.bash'
[4.824s] INFO:colcon.colcon_core.shell:Creating package script '/home/sanad/dev_ws/install/realsense2_camera_msgs/share/realsense2_camera_msgs/package.zsh'
[4.824s] Level 1:colcon.colcon_core.environment:create_file_with_runtime_dependencies(/home/sanad/dev_ws/install/realsense2_camera_msgs/share/colcon-core/packages/realsense2_camera_msgs)
[4.895s] Level 1:colcon.colcon_core.environment:create_environment_scripts_only(realsense2_camera_msgs)
[4.902s] Level 1:colcon.colcon_core.environment:checking '/home/sanad/dev_ws/install/realsense2_camera_msgs' for CMake module files
[4.902s] Level 1:colcon.colcon_core.environment:checking '/home/sanad/dev_ws/install/realsense2_camera_msgs' for CMake config files
[4.903s] Level 1:colcon.colcon_core.shell:create_environment_hook('realsense2_camera_msgs', 'cmake_prefix_path')
[4.909s] INFO:colcon.colcon_core.shell:Creating environment hook '/home/sanad/dev_ws/install/realsense2_camera_msgs/share/realsense2_camera_msgs/hook/cmake_prefix_path.ps1'
[4.909s] INFO:colcon.colcon_core.shell:Creating environment descriptor '/home/sanad/dev_ws/install/realsense2_camera_msgs/share/realsense2_camera_msgs/hook/cmake_prefix_path.dsv'
[4.909s] INFO:colcon.colcon_core.shell:Creating environment hook '/home/sanad/dev_ws/install/realsense2_camera_msgs/share/realsense2_camera_msgs/hook/cmake_prefix_path.sh'
[4.910s] Level 1:colcon.colcon_core.environment:checking '/home/sanad/dev_ws/install/realsense2_camera_msgs/lib'
[4.910s] Level 1:colcon.colcon_core.shell:create_environment_hook('realsense2_camera_msgs', 'ld_library_path_lib')
[4.916s] INFO:colcon.colcon_core.shell:Creating environment hook '/home/sanad/dev_ws/install/realsense2_camera_msgs/share/realsense2_camera_msgs/hook/ld_library_path_lib.ps1'
[4.916s] INFO:colcon.colcon_core.shell:Creating environment descriptor '/home/sanad/dev_ws/install/realsense2_camera_msgs/share/realsense2_camera_msgs/hook/ld_library_path_lib.dsv'
[4.916s] INFO:colcon.colcon_core.shell:Creating environment hook '/home/sanad/dev_ws/install/realsense2_camera_msgs/share/realsense2_camera_msgs/hook/ld_library_path_lib.sh'
[4.917s] Level 1:colcon.colcon_core.environment:checking '/home/sanad/dev_ws/install/realsense2_camera_msgs/bin'
[4.917s] Level 1:colcon.colcon_core.environment:checking '/home/sanad/dev_ws/install/realsense2_camera_msgs/lib/pkgconfig/realsense2_camera_msgs.pc'
[4.917s] Level 1:colcon.colcon_core.environment:checking '/home/sanad/dev_ws/install/realsense2_camera_msgs/lib/python3.10/site-packages'
[4.917s] Level 1:colcon.colcon_core.environment:checking '/home/sanad/dev_ws/install/realsense2_camera_msgs/bin'
[4.923s] INFO:colcon.colcon_core.shell:Creating package script '/home/sanad/dev_ws/install/realsense2_camera_msgs/share/realsense2_camera_msgs/package.ps1'
[4.923s] INFO:colcon.colcon_core.shell:Creating package descriptor '/home/sanad/dev_ws/install/realsense2_camera_msgs/share/realsense2_camera_msgs/package.dsv'
[4.924s] INFO:colcon.colcon_core.shell:Creating package script '/home/sanad/dev_ws/install/realsense2_camera_msgs/share/realsense2_camera_msgs/package.sh'
[4.924s] INFO:colcon.colcon_core.shell:Creating package script '/home/sanad/dev_ws/install/realsense2_camera_msgs/share/realsense2_camera_msgs/package.bash'
[4.924s] INFO:colcon.colcon_core.shell:Creating package script '/home/sanad/dev_ws/install/realsense2_camera_msgs/share/realsense2_camera_msgs/package.zsh'
[4.924s] Level 1:colcon.colcon_core.environment:create_file_with_runtime_dependencies(/home/sanad/dev_ws/install/realsense2_camera_msgs/share/colcon-core/packages/realsense2_camera_msgs)
[4.924s] INFO:colcon.colcon_ros.task.ament_cmake.build:Building ROS package in '/home/sanad/dev_ws/src/realsense-ros/realsense2_camera' with build type 'ament_cmake'
[4.924s] INFO:colcon.colcon_cmake.task.cmake.build:Building CMake package in '/home/sanad/dev_ws/src/realsense-ros/realsense2_camera'
[4.931s] INFO:colcon.colcon_core.shell:Skip shell extension 'powershell' for command environment: Not usable outside of PowerShell
[4.931s] DEBUG:colcon.colcon_core.shell:Skip shell extension 'dsv' for command environment
[4.953s] INFO:colcon.colcon_ros.task.ament_cmake.build:Building ROS package in '/home/sanad/dev_ws/src/realsense-ros/realsense2_description' with build type 'ament_cmake'
[4.953s] INFO:colcon.colcon_cmake.task.cmake.build:Building CMake package in '/home/sanad/dev_ws/src/realsense-ros/realsense2_description'
[4.962s] INFO:colcon.colcon_core.shell:Skip shell extension 'powershell' for command environment: Not usable outside of PowerShell
[4.962s] DEBUG:colcon.colcon_core.shell:Skip shell extension 'dsv' for command environment
[4.985s] DEBUG:colcon.colcon_core.event_handler.log_command:Invoking command in '/home/sanad/dev_ws/build/realsense2_camera': AMENT_PREFIX_PATH=/home/sanad/dev_ws/install/realsense2_camera_msgs:${AMENT_PREFIX_PATH} CMAKE_PREFIX_PATH=/home/sanad/dev_ws/install/realsense2_camera_msgs:/home/sanad/dev_ws/install/sanad_bot:/opt/ros/humble LD_LIBRARY_PATH=/home/sanad/dev_ws/install/realsense2_camera_msgs/lib:${LD_LIBRARY_PATH} PYTHONPATH=/home/sanad/dev_ws/install/realsense2_camera_msgs/local/lib/python3.10/dist-packages:${PYTHONPATH} /usr/bin/cmake /home/sanad/dev_ws/src/realsense-ros/realsense2_camera -DAMENT_CMAKE_SYMLINK_INSTALL=1 -DCMAKE_INSTALL_PREFIX=/home/sanad/dev_ws/install/realsense2_camera
[4.987s] DEBUG:colcon.colcon_core.event_handler.log_command:Invoking command in '/home/sanad/dev_ws/build/realsense2_description': AMENT_PREFIX_PATH=/home/sanad/dev_ws/install/realsense2_camera_msgs:${AMENT_PREFIX_PATH} CMAKE_PREFIX_PATH=/home/sanad/dev_ws/install/realsense2_camera_msgs:/home/sanad/dev_ws/install/sanad_bot:/opt/ros/humble LD_LIBRARY_PATH=/home/sanad/dev_ws/install/realsense2_camera_msgs/lib:${LD_LIBRARY_PATH} PYTHONPATH=/home/sanad/dev_ws/install/realsense2_camera_msgs/local/lib/python3.10/dist-packages:${PYTHONPATH} /usr/bin/cmake /home/sanad/dev_ws/src/realsense-ros/realsense2_description -DAMENT_CMAKE_SYMLINK_INSTALL=1 -DCMAKE_INSTALL_PREFIX=/home/sanad/dev_ws/install/realsense2_description
[5.362s] DEBUG:colcon.colcon_core.event_handler.log_command:Invoked command in '/home/sanad/dev_ws/build/realsense2_description' returned '0': AMENT_PREFIX_PATH=/home/sanad/dev_ws/install/realsense2_camera_msgs:${AMENT_PREFIX_PATH} CMAKE_PREFIX_PATH=/home/sanad/dev_ws/install/realsense2_camera_msgs:/home/sanad/dev_ws/install/sanad_bot:/opt/ros/humble LD_LIBRARY_PATH=/home/sanad/dev_ws/install/realsense2_camera_msgs/lib:${LD_LIBRARY_PATH} PYTHONPATH=/home/sanad/dev_ws/install/realsense2_camera_msgs/local/lib/python3.10/dist-packages:${PYTHONPATH} /usr/bin/cmake /home/sanad/dev_ws/src/realsense-ros/realsense2_description -DAMENT_CMAKE_SYMLINK_INSTALL=1 -DCMAKE_INSTALL_PREFIX=/home/sanad/dev_ws/install/realsense2_description
[5.363s] DEBUG:colcon.colcon_core.event_handler.log_command:Invoking command in '/home/sanad/dev_ws/build/realsense2_description': AMENT_PREFIX_PATH=/home/sanad/dev_ws/install/realsense2_camera_msgs:${AMENT_PREFIX_PATH} CMAKE_PREFIX_PATH=/home/sanad/dev_ws/install/realsense2_camera_msgs:/home/sanad/dev_ws/install/sanad_bot:/opt/ros/humble LD_LIBRARY_PATH=/home/sanad/dev_ws/install/realsense2_camera_msgs/lib:${LD_LIBRARY_PATH} PYTHONPATH=/home/sanad/dev_ws/install/realsense2_camera_msgs/local/lib/python3.10/dist-packages:${PYTHONPATH} /usr/bin/cmake --build /home/sanad/dev_ws/build/realsense2_description -- -j16 -l16
[5.385s] DEBUG:colcon.colcon_core.event_handler.log_command:Invoked command in '/home/sanad/dev_ws/build/realsense2_description' returned '0': AMENT_PREFIX_PATH=/home/sanad/dev_ws/install/realsense2_camera_msgs:${AMENT_PREFIX_PATH} CMAKE_PREFIX_PATH=/home/sanad/dev_ws/install/realsense2_camera_msgs:/home/sanad/dev_ws/install/sanad_bot:/opt/ros/humble LD_LIBRARY_PATH=/home/sanad/dev_ws/install/realsense2_camera_msgs/lib:${LD_LIBRARY_PATH} PYTHONPATH=/home/sanad/dev_ws/install/realsense2_camera_msgs/local/lib/python3.10/dist-packages:${PYTHONPATH} /usr/bin/cmake --build /home/sanad/dev_ws/build/realsense2_description -- -j16 -l16
[5.397s] DEBUG:colcon.colcon_core.event_handler.log_command:Invoking command in '/home/sanad/dev_ws/build/realsense2_description': AMENT_PREFIX_PATH=/home/sanad/dev_ws/install/realsense2_camera_msgs:${AMENT_PREFIX_PATH} CMAKE_PREFIX_PATH=/home/sanad/dev_ws/install/realsense2_camera_msgs:/home/sanad/dev_ws/install/sanad_bot:/opt/ros/humble LD_LIBRARY_PATH=/home/sanad/dev_ws/install/realsense2_camera_msgs/lib:${LD_LIBRARY_PATH} PYTHONPATH=/home/sanad/dev_ws/install/realsense2_camera_msgs/local/lib/python3.10/dist-packages:${PYTHONPATH} /usr/bin/cmake --install /home/sanad/dev_ws/build/realsense2_description
[5.601s] Level 1:colcon.colcon_core.environment:create_environment_scripts_only(realsense2_description)
[5.601s] DEBUG:colcon.colcon_core.event_handler.log_command:Invoked command in '/home/sanad/dev_ws/build/realsense2_description' returned '0': AMENT_PREFIX_PATH=/home/sanad/dev_ws/install/realsense2_camera_msgs:${AMENT_PREFIX_PATH} CMAKE_PREFIX_PATH=/home/sanad/dev_ws/install/realsense2_camera_msgs:/home/sanad/dev_ws/install/sanad_bot:/opt/ros/humble LD_LIBRARY_PATH=/home/sanad/dev_ws/install/realsense2_camera_msgs/lib:${LD_LIBRARY_PATH} PYTHONPATH=/home/sanad/dev_ws/install/realsense2_camera_msgs/local/lib/python3.10/dist-packages:${PYTHONPATH} /usr/bin/cmake --install /home/sanad/dev_ws/build/realsense2_description
[5.608s] Level 1:colcon.colcon_core.environment:checking '/home/sanad/dev_ws/install/realsense2_description' for CMake module files
[5.609s] Level 1:colcon.colcon_core.environment:checking '/home/sanad/dev_ws/install/realsense2_description' for CMake config files
[5.609s] Level 1:colcon.colcon_core.shell:create_environment_hook('realsense2_description', 'cmake_prefix_path')
[5.617s] INFO:colcon.colcon_core.shell:Creating environment hook '/home/sanad/dev_ws/install/realsense2_description/share/realsense2_description/hook/cmake_prefix_path.ps1'
[5.617s] INFO:colcon.colcon_core.shell:Creating environment descriptor '/home/sanad/dev_ws/install/realsense2_description/share/realsense2_description/hook/cmake_prefix_path.dsv'
[5.617s] INFO:colcon.colcon_core.shell:Creating environment hook '/home/sanad/dev_ws/install/realsense2_description/share/realsense2_description/hook/cmake_prefix_path.sh'
[5.618s] Level 1:colcon.colcon_core.environment:checking '/home/sanad/dev_ws/install/realsense2_description/bin'
[5.618s] Level 1:colcon.colcon_core.environment:checking '/home/sanad/dev_ws/install/realsense2_description/lib/pkgconfig/realsense2_description.pc'
[5.618s] Level 1:colcon.colcon_core.environment:checking '/home/sanad/dev_ws/install/realsense2_description/lib/python3.10/site-packages'
[5.618s] Level 1:colcon.colcon_core.environment:checking '/home/sanad/dev_ws/install/realsense2_description/bin'
[5.626s] INFO:colcon.colcon_core.shell:Creating package script '/home/sanad/dev_ws/install/realsense2_description/share/realsense2_description/package.ps1'
[5.626s] INFO:colcon.colcon_core.shell:Creating package descriptor '/home/sanad/dev_ws/install/realsense2_description/share/realsense2_description/package.dsv'
[5.627s] INFO:colcon.colcon_core.shell:Creating package script '/home/sanad/dev_ws/install/realsense2_description/share/realsense2_description/package.sh'
[5.627s] INFO:colcon.colcon_core.shell:Creating package script '/home/sanad/dev_ws/install/realsense2_description/share/realsense2_description/package.bash'
[5.627s] INFO:colcon.colcon_core.shell:Creating package script '/home/sanad/dev_ws/install/realsense2_description/share/realsense2_description/package.zsh'
[5.627s] Level 1:colcon.colcon_core.environment:create_file_with_runtime_dependencies(/home/sanad/dev_ws/install/realsense2_description/share/colcon-core/packages/realsense2_description)
[5.647s] Level 1:colcon.colcon_core.environment:create_environment_scripts_only(realsense2_description)
[5.654s] Level 1:colcon.colcon_core.environment:checking '/home/sanad/dev_ws/install/realsense2_description' for CMake module files
[5.655s] Level 1:colcon.colcon_core.environment:checking '/home/sanad/dev_ws/install/realsense2_description' for CMake config files
[5.655s] Level 1:colcon.colcon_core.shell:create_environment_hook('realsense2_description', 'cmake_prefix_path')
[5.663s] INFO:colcon.colcon_core.shell:Creating environment hook '/home/sanad/dev_ws/install/realsense2_description/share/realsense2_description/hook/cmake_prefix_path.ps1'
[5.663s] INFO:colcon.colcon_core.shell:Creating environment descriptor '/home/sanad/dev_ws/install/realsense2_description/share/realsense2_description/hook/cmake_prefix_path.dsv'
[5.663s] INFO:colcon.colcon_core.shell:Creating environment hook '/home/sanad/dev_ws/install/realsense2_description/share/realsense2_description/hook/cmake_prefix_path.sh'
[5.664s] Level 1:colcon.colcon_core.environment:checking '/home/sanad/dev_ws/install/realsense2_description/bin'
[5.664s] Level 1:colcon.colcon_core.environment:checking '/home/sanad/dev_ws/install/realsense2_description/lib/pkgconfig/realsense2_description.pc'
[5.664s] Level 1:colcon.colcon_core.environment:checking '/home/sanad/dev_ws/install/realsense2_description/lib/python3.10/site-packages'
[5.664s] Level 1:colcon.colcon_core.environment:checking '/home/sanad/dev_ws/install/realsense2_description/bin'
[5.672s] INFO:colcon.colcon_core.shell:Creating package script '/home/sanad/dev_ws/install/realsense2_description/share/realsense2_description/package.ps1'
[5.672s] INFO:colcon.colcon_core.shell:Creating package descriptor '/home/sanad/dev_ws/install/realsense2_description/share/realsense2_description/package.dsv'
[5.672s] INFO:colcon.colcon_core.shell:Creating package script '/home/sanad/dev_ws/install/realsense2_description/share/realsense2_description/package.sh'
[5.672s] INFO:colcon.colcon_core.shell:Creating package script '/home/sanad/dev_ws/install/realsense2_description/share/realsense2_description/package.bash'
[5.673s] INFO:colcon.colcon_core.shell:Creating package script '/home/sanad/dev_ws/install/realsense2_description/share/realsense2_description/package.zsh'
[5.673s] Level 1:colcon.colcon_core.environment:create_file_with_runtime_dependencies(/home/sanad/dev_ws/install/realsense2_description/share/colcon-core/packages/realsense2_description)
[8.139s] DEBUG:colcon.colcon_core.event_handler.log_command:Invoked command in '/home/sanad/dev_ws/build/realsense2_camera' returned '0': AMENT_PREFIX_PATH=/home/sanad/dev_ws/install/realsense2_camera_msgs:${AMENT_PREFIX_PATH} CMAKE_PREFIX_PATH=/home/sanad/dev_ws/install/realsense2_camera_msgs:/home/sanad/dev_ws/install/sanad_bot:/opt/ros/humble LD_LIBRARY_PATH=/home/sanad/dev_ws/install/realsense2_camera_msgs/lib:${LD_LIBRARY_PATH} PYTHONPATH=/home/sanad/dev_ws/install/realsense2_camera_msgs/local/lib/python3.10/dist-packages:${PYTHONPATH} /usr/bin/cmake /home/sanad/dev_ws/src/realsense-ros/realsense2_camera -DAMENT_CMAKE_SYMLINK_INSTALL=1 -DCMAKE_INSTALL_PREFIX=/home/sanad/dev_ws/install/realsense2_camera
[8.140s] DEBUG:colcon.colcon_core.event_handler.log_command:Invoking command in '/home/sanad/dev_ws/build/realsense2_camera': AMENT_PREFIX_PATH=/home/sanad/dev_ws/install/realsense2_camera_msgs:${AMENT_PREFIX_PATH} CMAKE_PREFIX_PATH=/home/sanad/dev_ws/install/realsense2_camera_msgs:/home/sanad/dev_ws/install/sanad_bot:/opt/ros/humble LD_LIBRARY_PATH=/home/sanad/dev_ws/install/realsense2_camera_msgs/lib:${LD_LIBRARY_PATH} PYTHONPATH=/home/sanad/dev_ws/install/realsense2_camera_msgs/local/lib/python3.10/dist-packages:${PYTHONPATH} /usr/bin/cmake --build /home/sanad/dev_ws/build/realsense2_camera -- -j16 -l16
[21.156s] DEBUG:colcon.colcon_core.event_handler.log_command:Invoked command in '/home/sanad/dev_ws/build/realsense2_camera' returned '0': AMENT_PREFIX_PATH=/home/sanad/dev_ws/install/realsense2_camera_msgs:${AMENT_PREFIX_PATH} CMAKE_PREFIX_PATH=/home/sanad/dev_ws/install/realsense2_camera_msgs:/home/sanad/dev_ws/install/sanad_bot:/opt/ros/humble LD_LIBRARY_PATH=/home/sanad/dev_ws/install/realsense2_camera_msgs/lib:${LD_LIBRARY_PATH} PYTHONPATH=/home/sanad/dev_ws/install/realsense2_camera_msgs/local/lib/python3.10/dist-packages:${PYTHONPATH} /usr/bin/cmake --build /home/sanad/dev_ws/build/realsense2_camera -- -j16 -l16
[21.188s] DEBUG:colcon.colcon_core.event_handler.log_command:Invoking command in '/home/sanad/dev_ws/build/realsense2_camera': AMENT_PREFIX_PATH=/home/sanad/dev_ws/install/realsense2_camera_msgs:${AMENT_PREFIX_PATH} CMAKE_PREFIX_PATH=/home/sanad/dev_ws/install/realsense2_camera_msgs:/home/sanad/dev_ws/install/sanad_bot:/opt/ros/humble LD_LIBRARY_PATH=/home/sanad/dev_ws/install/realsense2_camera_msgs/lib:${LD_LIBRARY_PATH} PYTHONPATH=/home/sanad/dev_ws/install/realsense2_camera_msgs/local/lib/python3.10/dist-packages:${PYTHONPATH} /usr/bin/cmake --install /home/sanad/dev_ws/build/realsense2_camera
[21.466s] Level 1:colcon.colcon_core.environment:create_environment_scripts_only(realsense2_camera)
[21.466s] DEBUG:colcon.colcon_core.event_handler.log_command:Invoked command in '/home/sanad/dev_ws/build/realsense2_camera' returned '0': AMENT_PREFIX_PATH=/home/sanad/dev_ws/install/realsense2_camera_msgs:${AMENT_PREFIX_PATH} CMAKE_PREFIX_PATH=/home/sanad/dev_ws/install/realsense2_camera_msgs:/home/sanad/dev_ws/install/sanad_bot:/opt/ros/humble LD_LIBRARY_PATH=/home/sanad/dev_ws/install/realsense2_camera_msgs/lib:${LD_LIBRARY_PATH} PYTHONPATH=/home/sanad/dev_ws/install/realsense2_camera_msgs/local/lib/python3.10/dist-packages:${PYTHONPATH} /usr/bin/cmake --install /home/sanad/dev_ws/build/realsense2_camera
[21.474s] Level 1:colcon.colcon_core.environment:checking '/home/sanad/dev_ws/install/realsense2_camera' for CMake module files
[21.475s] Level 1:colcon.colcon_core.environment:checking '/home/sanad/dev_ws/install/realsense2_camera' for CMake config files
[21.475s] Level 1:colcon.colcon_core.shell:create_environment_hook('realsense2_camera', 'cmake_prefix_path')
[21.483s] INFO:colcon.colcon_core.shell:Creating environment hook '/home/sanad/dev_ws/install/realsense2_camera/share/realsense2_camera/hook/cmake_prefix_path.ps1'
[21.483s] INFO:colcon.colcon_core.shell:Creating environment descriptor '/home/sanad/dev_ws/install/realsense2_camera/share/realsense2_camera/hook/cmake_prefix_path.dsv'
[21.483s] INFO:colcon.colcon_core.shell:Creating environment hook '/home/sanad/dev_ws/install/realsense2_camera/share/realsense2_camera/hook/cmake_prefix_path.sh'
[21.483s] Level 1:colcon.colcon_core.environment:checking '/home/sanad/dev_ws/install/realsense2_camera/lib'
[21.483s] Level 1:colcon.colcon_core.shell:create_environment_hook('realsense2_camera', 'ld_library_path_lib')
[21.493s] INFO:colcon.colcon_core.shell:Creating environment hook '/home/sanad/dev_ws/install/realsense2_camera/share/realsense2_camera/hook/ld_library_path_lib.ps1'
[21.493s] INFO:colcon.colcon_core.shell:Creating environment descriptor '/home/sanad/dev_ws/install/realsense2_camera/share/realsense2_camera/hook/ld_library_path_lib.dsv'
[21.494s] INFO:colcon.colcon_core.shell:Creating environment hook '/home/sanad/dev_ws/install/realsense2_camera/share/realsense2_camera/hook/ld_library_path_lib.sh'
[21.494s] Level 1:colcon.colcon_core.environment:checking '/home/sanad/dev_ws/install/realsense2_camera/bin'
[21.494s] Level 1:colcon.colcon_core.environment:checking '/home/sanad/dev_ws/install/realsense2_camera/lib/pkgconfig/realsense2_camera.pc'
[21.494s] Level 1:colcon.colcon_core.environment:checking '/home/sanad/dev_ws/install/realsense2_camera/lib/python3.10/site-packages'
[21.494s] Level 1:colcon.colcon_core.environment:checking '/home/sanad/dev_ws/install/realsense2_camera/bin'
[21.503s] INFO:colcon.colcon_core.shell:Creating package script '/home/sanad/dev_ws/install/realsense2_camera/share/realsense2_camera/package.ps1'
[21.503s] INFO:colcon.colcon_core.shell:Creating package descriptor '/home/sanad/dev_ws/install/realsense2_camera/share/realsense2_camera/package.dsv'
[21.503s] INFO:colcon.colcon_core.shell:Creating package script '/home/sanad/dev_ws/install/realsense2_camera/share/realsense2_camera/package.sh'
[21.504s] INFO:colcon.colcon_core.shell:Creating package script '/home/sanad/dev_ws/install/realsense2_camera/share/realsense2_camera/package.bash'
[21.504s] INFO:colcon.colcon_core.shell:Creating package script '/home/sanad/dev_ws/install/realsense2_camera/share/realsense2_camera/package.zsh'
[21.504s] Level 1:colcon.colcon_core.environment:create_file_with_runtime_dependencies(/home/sanad/dev_ws/install/realsense2_camera/share/colcon-core/packages/realsense2_camera)
[21.544s] Level 1:colcon.colcon_core.environment:create_environment_scripts_only(realsense2_camera)
[21.558s] Level 1:colcon.colcon_core.environment:checking '/home/sanad/dev_ws/install/realsense2_camera' for CMake module files
[21.559s] Level 1:colcon.colcon_core.environment:checking '/home/sanad/dev_ws/install/realsense2_camera' for CMake config files
[21.559s] Level 1:colcon.colcon_core.shell:create_environment_hook('realsense2_camera', 'cmake_prefix_path')
[21.567s] INFO:colcon.colcon_core.shell:Creating environment hook '/home/sanad/dev_ws/install/realsense2_camera/share/realsense2_camera/hook/cmake_prefix_path.ps1'
[21.567s] INFO:colcon.colcon_core.shell:Creating environment descriptor '/home/sanad/dev_ws/install/realsense2_camera/share/realsense2_camera/hook/cmake_prefix_path.dsv'
[21.567s] INFO:colcon.colcon_core.shell:Creating environment hook '/home/sanad/dev_ws/install/realsense2_camera/share/realsense2_camera/hook/cmake_prefix_path.sh'
[21.568s] Level 1:colcon.colcon_core.environment:checking '/home/sanad/dev_ws/install/realsense2_camera/lib'
[21.568s] Level 1:colcon.colcon_core.shell:create_environment_hook('realsense2_camera', 'ld_library_path_lib')
[21.576s] INFO:colcon.colcon_core.shell:Creating environment hook '/home/sanad/dev_ws/install/realsense2_camera/share/realsense2_camera/hook/ld_library_path_lib.ps1'
[21.576s] INFO:colcon.colcon_core.shell:Creating environment descriptor '/home/sanad/dev_ws/install/realsense2_camera/share/realsense2_camera/hook/ld_library_path_lib.dsv'
[21.576s] INFO:colcon.colcon_core.shell:Creating environment hook '/home/sanad/dev_ws/install/realsense2_camera/share/realsense2_camera/hook/ld_library_path_lib.sh'
[21.576s] Level 1:colcon.colcon_core.environment:checking '/home/sanad/dev_ws/install/realsense2_camera/bin'
[21.576s] Level 1:colcon.colcon_core.environment:checking '/home/sanad/dev_ws/install/realsense2_camera/lib/pkgconfig/realsense2_camera.pc'
[21.577s] Level 1:colcon.colcon_core.environment:checking '/home/sanad/dev_ws/install/realsense2_camera/lib/python3.10/site-packages'
[21.577s] Level 1:colcon.colcon_core.environment:checking '/home/sanad/dev_ws/install/realsense2_camera/bin'
[21.585s] INFO:colcon.colcon_core.shell:Creating package script '/home/sanad/dev_ws/install/realsense2_camera/share/realsense2_camera/package.ps1'
[21.585s] INFO:colcon.colcon_core.shell:Creating package descriptor '/home/sanad/dev_ws/install/realsense2_camera/share/realsense2_camera/package.dsv'
[21.586s] INFO:colcon.colcon_core.shell:Creating package script '/home/sanad/dev_ws/install/realsense2_camera/share/realsense2_camera/package.sh'
[21.586s] INFO:colcon.colcon_core.shell:Creating package script '/home/sanad/dev_ws/install/realsense2_camera/share/realsense2_camera/package.bash'
[21.586s] INFO:colcon.colcon_core.shell:Creating package script '/home/sanad/dev_ws/install/realsense2_camera/share/realsense2_camera/package.zsh'
[21.587s] Level 1:colcon.colcon_core.environment:create_file_with_runtime_dependencies(/home/sanad/dev_ws/install/realsense2_camera/share/colcon-core/packages/realsense2_camera)
[21.587s] DEBUG:colcon.colcon_parallel_executor.executor.parallel:closing loop
[21.587s] DEBUG:colcon.colcon_parallel_executor.executor.parallel:loop closed
[21.587s] DEBUG:colcon.colcon_parallel_executor.executor.parallel:run_until_complete finished with '0'
[21.587s] DEBUG:colcon.colcon_core.event_reactor:joining thread
[21.599s] INFO:colcon.colcon_core.plugin_system:Skipping extension 'colcon_notification.desktop_notification.terminal_notifier': Not used on non-Darwin systems
[21.599s] INFO:colcon.colcon_core.plugin_system:Skipping extension 'colcon_notification.desktop_notification.win32': Not used on non-Windows systems
[21.599s] INFO:colcon.colcon_notification.desktop_notification:Sending desktop notification using 'notify2'
[21.724s] DEBUG:colcon.colcon_core.event_reactor:joined thread
[21.736s] INFO:colcon.colcon_core.shell:Creating prefix script '/home/sanad/dev_ws/install/local_setup.ps1'
[21.736s] INFO:colcon.colcon_core.shell:Creating prefix util module '/home/sanad/dev_ws/install/_local_setup_util_ps1.py'
[21.737s] INFO:colcon.colcon_core.shell:Creating prefix chain script '/home/sanad/dev_ws/install/setup.ps1'
[21.745s] INFO:colcon.colcon_core.shell:Creating prefix script '/home/sanad/dev_ws/install/local_setup.sh'
[21.745s] INFO:colcon.colcon_core.shell:Creating prefix util module '/home/sanad/dev_ws/install/_local_setup_util_sh.py'
[21.745s] INFO:colcon.colcon_core.shell:Creating prefix chain script '/home/sanad/dev_ws/install/setup.sh'
[21.753s] INFO:colcon.colcon_core.shell:Creating prefix script '/home/sanad/dev_ws/install/local_setup.bash'
[21.753s] INFO:colcon.colcon_core.shell:Creating prefix chain script '/home/sanad/dev_ws/install/setup.bash'
[21.761s] INFO:colcon.colcon_core.shell:Creating prefix script '/home/sanad/dev_ws/install/local_setup.zsh'
[21.762s] INFO:colcon.colcon_core.shell:Creating prefix chain script '/home/sanad/dev_ws/install/setup.zsh'
