[0.034s] Invoking command in '/home/sanad/dev_ws/build/realsense2_description': AMENT_PREFIX_PATH=/home/sanad/dev_ws/install/realsense2_camera_msgs:${AMENT_PREFIX_PATH} CMAKE_PREFIX_PATH=/home/sanad/dev_ws/install/realsense2_camera_msgs:/home/sanad/dev_ws/install/sanad_bot:/opt/ros/humble LD_LIBRARY_PATH=/home/sanad/dev_ws/install/realsense2_camera_msgs/lib:${LD_LIBRARY_PATH} PYTHONPATH=/home/sanad/dev_ws/install/realsense2_camera_msgs/local/lib/python3.10/dist-packages:${PYTHONPATH} /usr/bin/cmake /home/sanad/dev_ws/src/realsense-ros/realsense2_description -DAMENT_CMAKE_SYMLINK_INSTALL=1 -DCMAKE_INSTALL_PREFIX=/home/sanad/dev_ws/install/realsense2_description
[0.066s] -- The C compiler identification is GNU 11.4.0
[0.101s] -- The CXX compiler identification is GNU 11.4.0
[0.105s] -- Detecting C compiler ABI info
[0.144s] -- Detecting C compiler ABI info - done
[0.149s] -- Check for working C compiler: /usr/bin/cc - skipped
[0.149s] -- Detecting C compile features
[0.149s] -- Detecting C compile features - done
[0.151s] -- Detecting CXX compiler ABI info
[0.196s] -- Detecting CXX compiler ABI info - done
[0.200s] -- Check for working CXX compiler: /usr/bin/c++ - skipped
[0.200s] -- Detecting CXX compile features
[0.201s] -- Detecting CXX compile features - done
[0.202s] -- Found ament_cmake: 1.3.7 (/opt/ros/humble/share/ament_cmake/cmake)
[0.308s] -- Found Python3: /usr/bin/python3.10 (found version "3.10.12") found components: Interpreter 
[0.350s] -- Override CMake install command with custom implementation using symlinks instead of copying resources
[0.404s] -- Configuring done
[0.405s] -- Generating done
[0.406s] -- Build files have been written to: /home/sanad/dev_ws/build/realsense2_description
[0.409s] Invoked command in '/home/sanad/dev_ws/build/realsense2_description' returned '0': AMENT_PREFIX_PATH=/home/sanad/dev_ws/install/realsense2_camera_msgs:${AMENT_PREFIX_PATH} CMAKE_PREFIX_PATH=/home/sanad/dev_ws/install/realsense2_camera_msgs:/home/sanad/dev_ws/install/sanad_bot:/opt/ros/humble LD_LIBRARY_PATH=/home/sanad/dev_ws/install/realsense2_camera_msgs/lib:${LD_LIBRARY_PATH} PYTHONPATH=/home/sanad/dev_ws/install/realsense2_camera_msgs/local/lib/python3.10/dist-packages:${PYTHONPATH} /usr/bin/cmake /home/sanad/dev_ws/src/realsense-ros/realsense2_description -DAMENT_CMAKE_SYMLINK_INSTALL=1 -DCMAKE_INSTALL_PREFIX=/home/sanad/dev_ws/install/realsense2_description
[0.409s] Invoking command in '/home/sanad/dev_ws/build/realsense2_description': AMENT_PREFIX_PATH=/home/sanad/dev_ws/install/realsense2_camera_msgs:${AMENT_PREFIX_PATH} CMAKE_PREFIX_PATH=/home/sanad/dev_ws/install/realsense2_camera_msgs:/home/sanad/dev_ws/install/sanad_bot:/opt/ros/humble LD_LIBRARY_PATH=/home/sanad/dev_ws/install/realsense2_camera_msgs/lib:${LD_LIBRARY_PATH} PYTHONPATH=/home/sanad/dev_ws/install/realsense2_camera_msgs/local/lib/python3.10/dist-packages:${PYTHONPATH} /usr/bin/cmake --build /home/sanad/dev_ws/build/realsense2_description -- -j16 -l16
[0.431s] Invoked command in '/home/sanad/dev_ws/build/realsense2_description' returned '0': AMENT_PREFIX_PATH=/home/sanad/dev_ws/install/realsense2_camera_msgs:${AMENT_PREFIX_PATH} CMAKE_PREFIX_PATH=/home/sanad/dev_ws/install/realsense2_camera_msgs:/home/sanad/dev_ws/install/sanad_bot:/opt/ros/humble LD_LIBRARY_PATH=/home/sanad/dev_ws/install/realsense2_camera_msgs/lib:${LD_LIBRARY_PATH} PYTHONPATH=/home/sanad/dev_ws/install/realsense2_camera_msgs/local/lib/python3.10/dist-packages:${PYTHONPATH} /usr/bin/cmake --build /home/sanad/dev_ws/build/realsense2_description -- -j16 -l16
[0.443s] Invoking command in '/home/sanad/dev_ws/build/realsense2_description': AMENT_PREFIX_PATH=/home/sanad/dev_ws/install/realsense2_camera_msgs:${AMENT_PREFIX_PATH} CMAKE_PREFIX_PATH=/home/sanad/dev_ws/install/realsense2_camera_msgs:/home/sanad/dev_ws/install/sanad_bot:/opt/ros/humble LD_LIBRARY_PATH=/home/sanad/dev_ws/install/realsense2_camera_msgs/lib:${LD_LIBRARY_PATH} PYTHONPATH=/home/sanad/dev_ws/install/realsense2_camera_msgs/local/lib/python3.10/dist-packages:${PYTHONPATH} /usr/bin/cmake --install /home/sanad/dev_ws/build/realsense2_description
[0.447s] -- Install configuration: ""
[0.447s] -- Execute custom install script
[0.448s] -- Symlinking: /home/sanad/dev_ws/install/realsense2_description/share/realsense2_description/launch/launch_utils.py
[0.453s] -- Symlinking: /home/sanad/dev_ws/install/realsense2_description/share/realsense2_description/launch/view_model.launch.py
[0.458s] -- Symlinking: /home/sanad/dev_ws/install/realsense2_description/share/realsense2_description/meshes/d405.stl
[0.462s] -- Symlinking: /home/sanad/dev_ws/install/realsense2_description/share/realsense2_description/meshes/d415.stl
[0.466s] -- Symlinking: /home/sanad/dev_ws/install/realsense2_description/share/realsense2_description/meshes/d435.dae
[0.471s] -- Symlinking: /home/sanad/dev_ws/install/realsense2_description/share/realsense2_description/meshes/d455.stl
[0.476s] -- Symlinking: /home/sanad/dev_ws/install/realsense2_description/share/realsense2_description/meshes/l515.dae
[0.481s] -- Symlinking: /home/sanad/dev_ws/install/realsense2_description/share/realsense2_description/meshes/plug.stl
[0.485s] -- Symlinking: /home/sanad/dev_ws/install/realsense2_description/share/realsense2_description/meshes/plug_collision.stl
[0.490s] -- Symlinking: /home/sanad/dev_ws/install/realsense2_description/share/realsense2_description/rviz/urdf.rviz
[0.495s] -- Symlinking: /home/sanad/dev_ws/install/realsense2_description/share/realsense2_description/urdf/_d405.urdf.xacro
[0.499s] -- Symlinking: /home/sanad/dev_ws/install/realsense2_description/share/realsense2_description/urdf/_d415.urdf.xacro
[0.503s] -- Symlinking: /home/sanad/dev_ws/install/realsense2_description/share/realsense2_description/urdf/_d435.urdf.xacro
[0.508s] -- Symlinking: /home/sanad/dev_ws/install/realsense2_description/share/realsense2_description/urdf/_d435i.urdf.xacro
[0.512s] -- Symlinking: /home/sanad/dev_ws/install/realsense2_description/share/realsense2_description/urdf/_d435i_imu_modules.urdf.xacro
[0.517s] -- Symlinking: /home/sanad/dev_ws/install/realsense2_description/share/realsense2_description/urdf/_d455.urdf.xacro
[0.521s] -- Symlinking: /home/sanad/dev_ws/install/realsense2_description/share/realsense2_description/urdf/_materials.urdf.xacro
[0.526s] -- Symlinking: /home/sanad/dev_ws/install/realsense2_description/share/realsense2_description/urdf/_r410.urdf.xacro
[0.530s] -- Symlinking: /home/sanad/dev_ws/install/realsense2_description/share/realsense2_description/urdf/_r430.urdf.xacro
[0.535s] -- Symlinking: /home/sanad/dev_ws/install/realsense2_description/share/realsense2_description/urdf/_usb_plug.urdf.xacro
[0.539s] -- Symlinking: /home/sanad/dev_ws/install/realsense2_description/share/realsense2_description/urdf/test_d405_camera.urdf.xacro
[0.543s] -- Symlinking: /home/sanad/dev_ws/install/realsense2_description/share/realsense2_description/urdf/test_d415_camera.urdf.xacro
[0.548s] -- Symlinking: /home/sanad/dev_ws/install/realsense2_description/share/realsense2_description/urdf/test_d435_camera.urdf.xacro
[0.553s] -- Symlinking: /home/sanad/dev_ws/install/realsense2_description/share/realsense2_description/urdf/test_d435_multiple_cameras.urdf.xacro
[0.557s] -- Symlinking: /home/sanad/dev_ws/install/realsense2_description/share/realsense2_description/urdf/test_d435i_camera.urdf.xacro
[0.561s] -- Symlinking: /home/sanad/dev_ws/install/realsense2_description/share/realsense2_description/urdf/test_d455_camera.urdf.xacro
[0.567s] -- Symlinking: /home/sanad/dev_ws/install/realsense2_description/share/realsense2_description/urdf/test_r410_camera.urdf.xacro
[0.572s] -- Symlinking: /home/sanad/dev_ws/install/realsense2_description/share/realsense2_description/urdf/test_r430_camera.urdf.xacro
[0.577s] -- Symlinking: /home/sanad/dev_ws/install/realsense2_description/share/ament_index/resource_index/package_run_dependencies/realsense2_description
[0.582s] -- Symlinking: /home/sanad/dev_ws/install/realsense2_description/share/ament_index/resource_index/parent_prefix_path/realsense2_description
[0.587s] -- Symlinking: /home/sanad/dev_ws/install/realsense2_description/share/realsense2_description/environment/ament_prefix_path.sh
[0.591s] -- Symlinking: /home/sanad/dev_ws/install/realsense2_description/share/realsense2_description/environment/ament_prefix_path.dsv
[0.596s] -- Symlinking: /home/sanad/dev_ws/install/realsense2_description/share/realsense2_description/environment/path.sh
[0.600s] -- Symlinking: /home/sanad/dev_ws/install/realsense2_description/share/realsense2_description/environment/path.dsv
[0.605s] -- Symlinking: /home/sanad/dev_ws/install/realsense2_description/share/realsense2_description/local_setup.bash
[0.609s] -- Symlinking: /home/sanad/dev_ws/install/realsense2_description/share/realsense2_description/local_setup.sh
[0.614s] -- Symlinking: /home/sanad/dev_ws/install/realsense2_description/share/realsense2_description/local_setup.zsh
[0.619s] -- Symlinking: /home/sanad/dev_ws/install/realsense2_description/share/realsense2_description/local_setup.dsv
[0.623s] -- Symlinking: /home/sanad/dev_ws/install/realsense2_description/share/realsense2_description/package.dsv
[0.628s] -- Symlinking: /home/sanad/dev_ws/install/realsense2_description/share/ament_index/resource_index/packages/realsense2_description
[0.633s] -- Symlinking: /home/sanad/dev_ws/install/realsense2_description/share/realsense2_description/cmake/realsense2_descriptionConfig.cmake
[0.637s] -- Symlinking: /home/sanad/dev_ws/install/realsense2_description/share/realsense2_description/cmake/realsense2_descriptionConfig-version.cmake
[0.642s] -- Symlinking: /home/sanad/dev_ws/install/realsense2_description/share/realsense2_description/package.xml
[0.648s] Invoked command in '/home/sanad/dev_ws/build/realsense2_description' returned '0': AMENT_PREFIX_PATH=/home/sanad/dev_ws/install/realsense2_camera_msgs:${AMENT_PREFIX_PATH} CMAKE_PREFIX_PATH=/home/sanad/dev_ws/install/realsense2_camera_msgs:/home/sanad/dev_ws/install/sanad_bot:/opt/ros/humble LD_LIBRARY_PATH=/home/sanad/dev_ws/install/realsense2_camera_msgs/lib:${LD_LIBRARY_PATH} PYTHONPATH=/home/sanad/dev_ws/install/realsense2_camera_msgs/local/lib/python3.10/dist-packages:${PYTHONPATH} /usr/bin/cmake --install /home/sanad/dev_ws/build/realsense2_description
