[0.061s] Invoking command in '/home/sanad/dev_ws/build/realsense2_camera': AMENT_PREFIX_PATH=/home/sanad/dev_ws/install/realsense2_camera_msgs:${AMENT_PREFIX_PATH} CMAKE_PREFIX_PATH=/home/sanad/dev_ws/install/realsense2_camera_msgs:/home/sanad/dev_ws/install/sanad_bot:/opt/ros/humble LD_LIBRARY_PATH=/home/sanad/dev_ws/install/realsense2_camera_msgs/lib:${LD_LIBRARY_PATH} PYTHONPATH=/home/sanad/dev_ws/install/realsense2_camera_msgs/local/lib/python3.10/dist-packages:${PYTHONPATH} /usr/bin/cmake /home/sanad/dev_ws/src/realsense-ros/realsense2_camera -DAMENT_CMAKE_SYMLINK_INSTALL=1 -DCMAKE_INSTALL_PREFIX=/home/sanad/dev_ws/install/realsense2_camera
[0.096s] -- The C compiler identification is GNU 11.4.0
[0.129s] -- The CXX compiler identification is GNU 11.4.0
[0.134s] -- Detecting C compiler ABI info
[0.173s] -- Detecting C compiler ABI info - done
[0.178s] -- Check for working C compiler: /usr/bin/cc - skipped
[0.178s] -- Detecting C compile features
[0.178s] -- Detecting C compile features - done
[0.179s] -- Detecting CXX compiler ABI info
[0.225s] -- Detecting CXX compiler ABI info - done
[0.232s] -- Check for working CXX compiler: /usr/bin/c++ - skipped
[0.232s] -- Detecting CXX compile features
[0.233s] -- Detecting CXX compile features - done
[0.233s] -- Create Release Build.
[0.234s] -- Found ament_cmake: 1.3.7 (/opt/ros/humble/share/ament_cmake/cmake)
[0.338s] -- Found Python3: /usr/bin/python3.10 (found version "3.10.12") found components: Interpreter 
[0.378s] -- Override CMake install command with custom implementation using symlinks instead of copying resources
[0.392s] -- Found builtin_interfaces: 1.2.1 (/opt/ros/humble/share/builtin_interfaces/cmake)
[0.412s] -- Found rosidl_generator_c: 3.1.5 (/opt/ros/humble/share/rosidl_generator_c/cmake)
[0.415s] -- Found rosidl_adapter: 3.1.5 (/opt/ros/humble/share/rosidl_adapter/cmake)
[0.420s] -- Found rosidl_generator_cpp: 3.1.5 (/opt/ros/humble/share/rosidl_generator_cpp/cmake)
[0.428s] -- Using all available rosidl_typesupport_c: rosidl_typesupport_fastrtps_c;rosidl_typesupport_introspection_c
[0.440s] -- Using all available rosidl_typesupport_cpp: rosidl_typesupport_fastrtps_cpp;rosidl_typesupport_introspection_cpp
[0.451s] -- Found cv_bridge: 3.2.1 (/opt/ros/humble/share/cv_bridge/cmake)
[0.596s] -- Found image_transport: 3.1.8 (/opt/ros/humble/share/image_transport/cmake)
[0.642s] -- Found rmw_implementation_cmake: 6.1.1 (/opt/ros/humble/share/rmw_implementation_cmake/cmake)
[0.644s] -- Found rmw_fastrtps_cpp: 6.2.6 (/opt/ros/humble/share/rmw_fastrtps_cpp/cmake)
[0.711s] -- Found OpenSSL: /usr/lib/x86_64-linux-gnu/libcrypto.so (found version "3.0.2")  
[0.730s] -- Found FastRTPS: /opt/ros/humble/include  
[0.759s] -- Using RMW implementation 'rmw_fastrtps_cpp' as default
[0.767s] -- Looking for pthread.h
[0.811s] -- Looking for pthread.h - found
[0.812s] -- Performing Test CMAKE_HAVE_LIBC_PTHREAD
[0.852s] -- Performing Test CMAKE_HAVE_LIBC_PTHREAD - Success
[0.852s] -- Found Threads: TRUE  
[0.966s] -- Found rclcpp_components: 16.0.8 (/opt/ros/humble/share/rclcpp_components/cmake)
[1.002s] -- Found realsense2_camera_msgs: 4.54.1 (/home/sanad/dev_ws/install/realsense2_camera_msgs/share/realsense2_camera_msgs/cmake)
[1.064s] -- Found nav_msgs: 4.2.3 (/opt/ros/humble/share/nav_msgs/cmake)
[1.116s] -- Found tf2_ros: 0.25.5 (/opt/ros/humble/share/tf2_ros/cmake)
[1.281s] -- Found diagnostic_updater: 3.1.2 (/opt/ros/humble/share/diagnostic_updater/cmake)
[1.324s] -- Build for ROS2 Humble
[1.328s] -- Found ament_cmake_gtest: 1.3.7 (/opt/ros/humble/share/ament_cmake_gtest/cmake)
[1.330s] -- Found gtest sources under '/opt/ros/humble/src/gtest_vendor': C++ tests using 'Google Test' will be built
[1.333s] -- Found ament_cmake_pytest: 1.3.7 (/opt/ros/humble/share/ament_cmake_pytest/cmake)
[3.139s] -- rs_device_info:
[3.139s] -- No device detected. Is it plugged in?
[3.139s] 
[3.191s] -- Configuring done
[3.203s] -- Generating done
[3.205s] -- Build files have been written to: /home/sanad/dev_ws/build/realsense2_camera
[3.214s] Invoked command in '/home/sanad/dev_ws/build/realsense2_camera' returned '0': AMENT_PREFIX_PATH=/home/sanad/dev_ws/install/realsense2_camera_msgs:${AMENT_PREFIX_PATH} CMAKE_PREFIX_PATH=/home/sanad/dev_ws/install/realsense2_camera_msgs:/home/sanad/dev_ws/install/sanad_bot:/opt/ros/humble LD_LIBRARY_PATH=/home/sanad/dev_ws/install/realsense2_camera_msgs/lib:${LD_LIBRARY_PATH} PYTHONPATH=/home/sanad/dev_ws/install/realsense2_camera_msgs/local/lib/python3.10/dist-packages:${PYTHONPATH} /usr/bin/cmake /home/sanad/dev_ws/src/realsense-ros/realsense2_camera -DAMENT_CMAKE_SYMLINK_INSTALL=1 -DCMAKE_INSTALL_PREFIX=/home/sanad/dev_ws/install/realsense2_camera
[3.215s] Invoking command in '/home/sanad/dev_ws/build/realsense2_camera': AMENT_PREFIX_PATH=/home/sanad/dev_ws/install/realsense2_camera_msgs:${AMENT_PREFIX_PATH} CMAKE_PREFIX_PATH=/home/sanad/dev_ws/install/realsense2_camera_msgs:/home/sanad/dev_ws/install/sanad_bot:/opt/ros/humble LD_LIBRARY_PATH=/home/sanad/dev_ws/install/realsense2_camera_msgs/lib:${LD_LIBRARY_PATH} PYTHONPATH=/home/sanad/dev_ws/install/realsense2_camera_msgs/local/lib/python3.10/dist-packages:${PYTHONPATH} /usr/bin/cmake --build /home/sanad/dev_ws/build/realsense2_camera -- -j16 -l16
[3.244s] [  4%] [32mBuilding CXX object gtest/CMakeFiles/gtest_main.dir/src/gtest_main.cc.o[0m
[3.245s] [  9%] [32mBuilding CXX object gtest/CMakeFiles/gtest.dir/src/gtest-all.cc.o[0m
[3.245s] [ 13%] [32mBuilding CXX object CMakeFiles/realsense2_camera_node.dir/rclcpp_components/node_main_realsense2_camera_node.cpp.o[0m
[3.246s] [ 18%] [32mBuilding CXX object CMakeFiles/realsense2_camera.dir/src/realsense_node_factory.cpp.o[0m
[3.246s] [ 22%] [32mBuilding CXX object CMakeFiles/realsense2_camera.dir/src/base_realsense_node.cpp.o[0m
[3.246s] [ 27%] [32mBuilding CXX object CMakeFiles/realsense2_camera.dir/src/profile_manager.cpp.o[0m
[3.246s] [ 31%] [32mBuilding CXX object CMakeFiles/realsense2_camera.dir/src/dynamic_params.cpp.o[0m
[3.247s] [ 40%] [32mBuilding CXX object CMakeFiles/realsense2_camera.dir/src/ros_utils.cpp.o[0m
[3.247s] [ 40%] [32mBuilding CXX object CMakeFiles/realsense2_camera.dir/src/ros_sensor.cpp.o[0m
[3.247s] [ 45%] [32mBuilding CXX object CMakeFiles/realsense2_camera.dir/src/parameters.cpp.o[0m
[3.247s] [ 59%] [32mBuilding CXX object CMakeFiles/realsense2_camera.dir/src/ros_param_backend.cpp.o[0m
[3.247s] [ 59%] [32mBuilding CXX object CMakeFiles/realsense2_camera.dir/src/named_filter.cpp.o[0m
[3.247s] [ 54%] [32mBuilding CXX object CMakeFiles/realsense2_camera.dir/src/rs_node_setup.cpp.o[0m
[3.248s] [ 63%] [32mBuilding CXX object CMakeFiles/realsense2_camera.dir/src/tfs.cpp.o[0m
[3.248s] [ 68%] [32mBuilding CXX object CMakeFiles/realsense2_camera.dir/src/sensor_params.cpp.o[0m
[3.254s] [ 72%] [32mBuilding CXX object CMakeFiles/realsense2_camera.dir/src/image_publisher.cpp.o[0m
[4.140s] [ 77%] [32m[1mLinking CXX static library libgtest_main.a[0m
[4.257s] [ 77%] Built target gtest_main
[7.564s] [ 81%] [32m[1mLinking CXX executable realsense2_camera_node[0m
[7.707s] [ 81%] Built target realsense2_camera_node
[13.318s] [ 86%] [32m[1mLinking CXX static library libgtest.a[0m
[13.345s] [ 86%] Built target gtest
[13.361s] [ 90%] [32mBuilding CXX object CMakeFiles/gtest_template.dir/test/gtest_template.cpp.o[0m
[13.956s] [ 95%] [32m[1mLinking CXX executable gtest_template[0m
[14.027s] [ 95%] Built target gtest_template
[15.980s] [100%] [32m[1mLinking CXX shared library librealsense2_camera.so[0m
[16.217s] [100%] Built target realsense2_camera
[16.231s] Invoked command in '/home/sanad/dev_ws/build/realsense2_camera' returned '0': AMENT_PREFIX_PATH=/home/sanad/dev_ws/install/realsense2_camera_msgs:${AMENT_PREFIX_PATH} CMAKE_PREFIX_PATH=/home/sanad/dev_ws/install/realsense2_camera_msgs:/home/sanad/dev_ws/install/sanad_bot:/opt/ros/humble LD_LIBRARY_PATH=/home/sanad/dev_ws/install/realsense2_camera_msgs/lib:${LD_LIBRARY_PATH} PYTHONPATH=/home/sanad/dev_ws/install/realsense2_camera_msgs/local/lib/python3.10/dist-packages:${PYTHONPATH} /usr/bin/cmake --build /home/sanad/dev_ws/build/realsense2_camera -- -j16 -l16
[16.263s] Invoking command in '/home/sanad/dev_ws/build/realsense2_camera': AMENT_PREFIX_PATH=/home/sanad/dev_ws/install/realsense2_camera_msgs:${AMENT_PREFIX_PATH} CMAKE_PREFIX_PATH=/home/sanad/dev_ws/install/realsense2_camera_msgs:/home/sanad/dev_ws/install/sanad_bot:/opt/ros/humble LD_LIBRARY_PATH=/home/sanad/dev_ws/install/realsense2_camera_msgs/lib:${LD_LIBRARY_PATH} PYTHONPATH=/home/sanad/dev_ws/install/realsense2_camera_msgs/local/lib/python3.10/dist-packages:${PYTHONPATH} /usr/bin/cmake --install /home/sanad/dev_ws/build/realsense2_camera
[16.267s] -- Install configuration: "Release"
[16.268s] -- Execute custom install script
[16.268s] -- Symlinking: /home/sanad/dev_ws/install/realsense2_camera/lib/realsense2_camera/realsense2_camera_node
[16.273s] -- Symlinking: /home/sanad/dev_ws/install/realsense2_camera/lib/librealsense2_camera.so
[16.278s] -- Symlinking: /home/sanad/dev_ws/install/realsense2_camera/include/base_realsense_node.h
[16.282s] -- Symlinking: /home/sanad/dev_ws/install/realsense2_camera/include/constants.h
[16.287s] -- Symlinking: /home/sanad/dev_ws/install/realsense2_camera/include/dynamic_params.h
[16.292s] -- Symlinking: /home/sanad/dev_ws/install/realsense2_camera/include/gl_window.h
[16.297s] -- Symlinking: /home/sanad/dev_ws/install/realsense2_camera/include/image_publisher.h
[16.301s] -- Symlinking: /home/sanad/dev_ws/install/realsense2_camera/include/named_filter.h
[16.306s] -- Symlinking: /home/sanad/dev_ws/install/realsense2_camera/include/profile_manager.h
[16.310s] -- Symlinking: /home/sanad/dev_ws/install/realsense2_camera/include/realsense_node_factory.h
[16.315s] -- Symlinking: /home/sanad/dev_ws/install/realsense2_camera/include/ros_param_backend.h
[16.321s] -- Symlinking: /home/sanad/dev_ws/install/realsense2_camera/include/ros_sensor.h
[16.326s] -- Symlinking: /home/sanad/dev_ws/install/realsense2_camera/include/ros_utils.h
[16.331s] -- Symlinking: /home/sanad/dev_ws/install/realsense2_camera/include/sensor_params.h
[16.335s] -- Symlinking: /home/sanad/dev_ws/install/realsense2_camera/share/realsense2_camera/launch/default.rviz
[16.339s] -- Symlinking: /home/sanad/dev_ws/install/realsense2_camera/share/realsense2_camera/launch/rs_intra_process_demo_launch.py
[16.344s] -- Symlinking: /home/sanad/dev_ws/install/realsense2_camera/share/realsense2_camera/launch/rs_launch.py
[16.348s] -- Symlinking: /home/sanad/dev_ws/install/realsense2_camera/share/realsense2_camera/launch/rs_multi_camera_launch.py
[16.354s] -- Symlinking: /home/sanad/dev_ws/install/realsense2_camera/share/realsense2_camera/examples/align_depth/README.md
[16.359s] -- Symlinking: /home/sanad/dev_ws/install/realsense2_camera/share/realsense2_camera/examples/align_depth/rs_align_depth_launch.py
[16.365s] -- Symlinking: /home/sanad/dev_ws/install/realsense2_camera/share/realsense2_camera/examples/dual_camera/README.md
[16.371s] -- Symlinking: /home/sanad/dev_ws/install/realsense2_camera/share/realsense2_camera/examples/dual_camera/rs_dual_camera_launch.py
[16.375s] -- Symlinking: /home/sanad/dev_ws/install/realsense2_camera/share/realsense2_camera/examples/dual_camera/rviz/dual_camera_pointcloud.rviz
[16.381s] -- Symlinking: /home/sanad/dev_ws/install/realsense2_camera/share/realsense2_camera/examples/launch_from_rosbag/README.md
[16.386s] -- Symlinking: /home/sanad/dev_ws/install/realsense2_camera/share/realsense2_camera/examples/launch_from_rosbag/rs_launch_from_rosbag.py
[16.391s] -- Symlinking: /home/sanad/dev_ws/install/realsense2_camera/share/realsense2_camera/examples/launch_params_from_file/README.md
[16.396s] -- Symlinking: /home/sanad/dev_ws/install/realsense2_camera/share/realsense2_camera/examples/launch_params_from_file/config/config.yaml
[16.401s] -- Symlinking: /home/sanad/dev_ws/install/realsense2_camera/share/realsense2_camera/examples/launch_params_from_file/rs_launch_get_params_from_yaml.py
[16.406s] -- Symlinking: /home/sanad/dev_ws/install/realsense2_camera/share/realsense2_camera/examples/pointcloud/README.md
[16.410s] -- Symlinking: /home/sanad/dev_ws/install/realsense2_camera/share/realsense2_camera/examples/pointcloud/rs_d405_pointcloud_launch.py
[16.415s] -- Symlinking: /home/sanad/dev_ws/install/realsense2_camera/share/realsense2_camera/examples/pointcloud/rs_d455_pointcloud_launch.py
[16.420s] -- Symlinking: /home/sanad/dev_ws/install/realsense2_camera/share/realsense2_camera/examples/pointcloud/rs_pointcloud_launch.py
[16.424s] -- Symlinking: /home/sanad/dev_ws/install/realsense2_camera/share/realsense2_camera/examples/pointcloud/rviz/pointcloud.rviz
[16.429s] -- Symlinking: /home/sanad/dev_ws/install/realsense2_camera/share/realsense2_camera/examples/pointcloud/rviz/urdf_pointcloud.rviz
[16.434s] -- Symlinking: /home/sanad/dev_ws/install/realsense2_camera/share/realsense2_camera/environment/library_path.sh
[16.439s] -- Symlinking: /home/sanad/dev_ws/install/realsense2_camera/share/realsense2_camera/environment/library_path.dsv
[16.444s] -- Symlinking: /home/sanad/dev_ws/install/realsense2_camera/share/ament_index/resource_index/package_run_dependencies/realsense2_camera
[16.451s] -- Symlinking: /home/sanad/dev_ws/install/realsense2_camera/share/ament_index/resource_index/parent_prefix_path/realsense2_camera
[16.456s] -- Symlinking: /home/sanad/dev_ws/install/realsense2_camera/share/realsense2_camera/environment/ament_prefix_path.sh
[16.463s] -- Symlinking: /home/sanad/dev_ws/install/realsense2_camera/share/realsense2_camera/environment/ament_prefix_path.dsv
[16.468s] -- Symlinking: /home/sanad/dev_ws/install/realsense2_camera/share/realsense2_camera/environment/path.sh
[16.473s] -- Symlinking: /home/sanad/dev_ws/install/realsense2_camera/share/realsense2_camera/environment/path.dsv
[16.478s] -- Symlinking: /home/sanad/dev_ws/install/realsense2_camera/share/realsense2_camera/local_setup.bash
[16.482s] -- Symlinking: /home/sanad/dev_ws/install/realsense2_camera/share/realsense2_camera/local_setup.sh
[16.487s] -- Symlinking: /home/sanad/dev_ws/install/realsense2_camera/share/realsense2_camera/local_setup.zsh
[16.491s] -- Symlinking: /home/sanad/dev_ws/install/realsense2_camera/share/realsense2_camera/local_setup.dsv
[16.496s] -- Symlinking: /home/sanad/dev_ws/install/realsense2_camera/share/realsense2_camera/package.dsv
[16.500s] -- Symlinking: /home/sanad/dev_ws/install/realsense2_camera/share/ament_index/resource_index/packages/realsense2_camera
[16.505s] -- Symlinking: /home/sanad/dev_ws/install/realsense2_camera/share/ament_index/resource_index/rclcpp_components/realsense2_camera
[16.509s] -- Symlinking: /home/sanad/dev_ws/install/realsense2_camera/share/realsense2_camera/cmake/ament_cmake_export_include_directories-extras.cmake
[16.514s] -- Symlinking: /home/sanad/dev_ws/install/realsense2_camera/share/realsense2_camera/cmake/ament_cmake_export_libraries-extras.cmake
[16.520s] -- Symlinking: /home/sanad/dev_ws/install/realsense2_camera/share/realsense2_camera/cmake/ament_cmake_export_dependencies-extras.cmake
[16.524s] -- Symlinking: /home/sanad/dev_ws/install/realsense2_camera/share/realsense2_camera/cmake/realsense2_cameraConfig.cmake
[16.529s] -- Symlinking: /home/sanad/dev_ws/install/realsense2_camera/share/realsense2_camera/cmake/realsense2_cameraConfig-version.cmake
[16.535s] -- Symlinking: /home/sanad/dev_ws/install/realsense2_camera/share/realsense2_camera/package.xml
[16.541s] Invoked command in '/home/sanad/dev_ws/build/realsense2_camera' returned '0': AMENT_PREFIX_PATH=/home/sanad/dev_ws/install/realsense2_camera_msgs:${AMENT_PREFIX_PATH} CMAKE_PREFIX_PATH=/home/sanad/dev_ws/install/realsense2_camera_msgs:/home/sanad/dev_ws/install/sanad_bot:/opt/ros/humble LD_LIBRARY_PATH=/home/sanad/dev_ws/install/realsense2_camera_msgs/lib:${LD_LIBRARY_PATH} PYTHONPATH=/home/sanad/dev_ws/install/realsense2_camera_msgs/local/lib/python3.10/dist-packages:${PYTHONPATH} /usr/bin/cmake --install /home/sanad/dev_ws/build/realsense2_camera
